#
# A fatal error has been detected by the Java Runtime Environment:
#
#  EXCEPTION_ACCESS_VIOLATION (0xc0000005) at pc=0x00007ffd5c963004, pid=13808, tid=18124
#
# JRE version: OpenJDK Runtime Environment (24.0.1+9) (build 24.0.1+9-30)
# Java VM: OpenJDK 64-Bit Server VM (24.0.1+9-30, mixed mode, tiered, compressed oops, compressed class ptrs, g1 gc, windows-amd64)
# Problematic frame:
# C  [libasyncProfiler.dll+0x93004]
#
# No core dump will be written. Minidumps are not enabled by default on client versions of Windows
#
# JFR recording file will be written. Location: C:\Users\yazee\OneDrive\Desktop\Coking-proj\hs_err_pid13808.jfr
#
# If you would like to submit a bug report, please visit:
#   https://bugreport.java.com/bugreport/crash.jsp
# The crash happened outside the Java Virtual Machine in native code.
# See problematic frame for where to report the bug.
#

---------------  S U M M A R Y ------------

Command Line: -ea -Didea.test.cyclic.buffer.size=1048576 -javaagent:C:\Users\yazee\AppData\Local\JetBrains\IntelliJ IDEA 2024.3\lib\idea_rt.jar=61521:C:\Users\yazee\AppData\Local\JetBrains\IntelliJ IDEA 2024.3\bin -javaagent:C:\Users\yazee\AppData\Local\JetBrains\IntelliJIdea2024.3\captureAgent\debugger-agent.jar -Dkotlinx.coroutines.debug.enable.creation.stack.trace=false -Ddebugger.agent.enable.coroutines=true -Dkotlinx.coroutines.debug.enable.flows.stack.trace=true -Dkotlinx.coroutines.debug.enable.mutable.state.flows.stack.trace=true --patch-module=com.example.cooking_proj=C:/Users/yazee/OneDrive/Desktop/Coking-proj/target/test-classes --add-reads=com.example.cooking_proj=ALL-UNNAMED --add-opens=com.example.cooking_proj/org.example.ahmad_project=ALL-UNNAMED --add-modules=com.example.cooking_proj -agentpath:C:\Users\yazee\AppData\Local\Temp\idea_libasyncProfiler_dll_temp_folder11\libasyncProfiler.dll=start,jfr,event=wall,interval=10ms,jfrsync=profile,cstack=no,file=C:\Users\yazee\IdeaSnapshots\org_example_ahmad_project_in_Ahmad_Project_2025_05_22_222040.jfr,dbghelppath=C:\Users\yazee\AppData\Local\Temp\idea_dbghelp_dll_temp_folder\dbghelp.dll,log=C:\Users\yazee\AppData\Local\Temp\org_example_ahmad_project_in_Ahmad_Project_2025_05_22_222040.jfr.log.txt,logLevel=DEBUG -Dfile.encoding=UTF-8 -Dsun.stdout.encoding=UTF-8 -Dsun.stderr.encoding=UTF-8 --module-path=C:\Users\yazee\.m2\repository\org\controlsfx\controlsfx\11.2.1\controlsfx-11.2.1.jar;C:\Users\yazee\.m2\repository\org\openjfx\javafx-swing\17.0.6\javafx-swing-17.0.6-win.jar;C:\Users\yazee\.m2\repository\com\github\almasb\fxgl-core\17.3\fxgl-core-17.3.jar;C:\Users\yazee\.m2\repository\org\openjfx\javafx-fxml\17.0.6\javafx-fxml-17.0.6-win.jar;C:\Users\yazee\.m2\repository\com\fasterxml\jackson\core\jackson-databind\2.14.2\jackson-databind-2.14.2.jar;C:\Users\yazee\.m2\repository\eu\hansolo\fx\heatmap\21.0.3\heatmap-21.0.3.jar;C:\Users\yazee\OneDrive\Desktop\Coking-proj\target\classes;C:\Users\yazee\.m2\repository\com\dlsc\formsfx\formsfx-core\11.6.0\formsfx-core-11.6.0.jar;C:\Users\yazee\.m2\repository\com\gluonhq\attach\audio\4.0.17\audio-4.0.17.jar;C:\Users\yazee\.m2\repository\com\github\almasb\fxgl-entity\17.3\fxgl-entity-17.3.jar;C:\Users\yazee\.m2\repository\com\github\almasb\fxgl-scene\17.3\fxgl-scene-17.3.jar;C:\Users\yazee\.m2\repository\org\openjfx\javafx-controls\17.0.6\javafx-controls-17.0.6-win.jar;C:\Users\yazee\.m2\repository\org\openjfx\javafx-graphics\17.0.6\javafx-graphics-17.0.6-win.jar;C:\Users\yazee\.m2\repository\com\gluonhq\attach\util\4.0.17\util-4.0.17.jar;C:\Users\yazee\.m2\repository\net\synedra\validatorfx\0.5.0\validatorfx-0.5.0.jar;C:\Users\yazee\.m2\repository\org\openjfx\javafx-base\17.0.6\javafx-base-17.0.6-win.jar;C:\Users\yazee\.m2\repository\com\gluonhq\attach\lifecycle\4.0.17\lifecycle-4.0.17.jar;C:\Users\yazee\.m2\repository\com\github\almasb\fxgl-io\17.3\fxgl-io-17.3.jar;C:\Users\yazee\.m2\repository\eu\hansolo\toolboxfx\21.0.3\toolboxfx-21.0.3.jar;C:\Users\yazee\.m2\repository\eu\hansolo\toolbox\21.0.5\toolbox-21.0.5.jar;C:\Users\yazee\.m2\repository\com\github\almasb\fxgl-gameplay\17.3\fxgl-gameplay-17.3.jar;C:\Users\yazee\.m2\repository\eu\hansolo\fx\countries\21.0.3\countries-21.0.3.jar;C:\Users\yazee\.m2\repository\eu\hansolo\tilesfx\21.0.3\tilesfx-21.0.3.jar;C:\Users\yazee\.m2\repository\com\fasterxml\jackscom.intellij.rt.junit.JUnitStarter -ideVersion5 -junit5 @w@C:\Users\yazee\AppData\Local\Temp\idea_working_dirs_junit.tmp @C:\Users\yazee\AppData\Local\Temp\idea_junit.tmp -socket61520

Host: Intel(R) Core(TM) i5-10500H CPU @ 2.50GHz, 12 cores, 15G,  Windows 11 , 64 bit Build 26100 (10.0.26100.3912)
Time: Thu May 22 22:20:41 2025 West Bank Gaza Standard Time elapsed time: 0.572793 seconds (0d 0h 0m 0s)

---------------  T H R E A D  ---------------

Current thread (0x000002377246e600):  JavaThread "main"             [_thread_in_native, id=18124, stack(0x0000003c85a00000,0x0000003c85b00000) (1024K)]

Stack: [0x0000003c85a00000,0x0000003c85b00000],  sp=0x0000003c85afe8f0,  free space=1018k
Native frames: (J=compiled Java code, j=interpreted, Vv=VM code, C=native code)
C  [libasyncProfiler.dll+0x93004]  (no source info available)
C  [libasyncProfiler.dll+0x934db]  (no source info available)
C  [libasyncProfiler.dll+0x92134]  (no source info available)
C  [libasyncProfiler.dll+0x929aa]  (no source info available)
C  [libasyncProfiler.dll+0x8d561]  (no source info available)
C  [libasyncProfiler.dll+0x7ef21]  (no source info available)
C  [libasyncProfiler.dll+0x7dc38]  (no source info available)
C  [libasyncProfiler.dll+0x7db20]  (no source info available)
C  [libasyncProfiler.dll+0x83c3c]  (no source info available)
V  [jvm.dll+0x5e38de]  (no source info available)
V  [jvm.dll+0x886056]  (no source info available)
V  [jvm.dll+0x495f3e]  (no source info available)
V  [jvm.dll+0x497d11]  (no source info available)
C  [jli.dll+0x52a1]  (no source info available)
C  [ucrtbase.dll+0x37b0]  (no source info available)
C  [KERNEL32.DLL+0x2e8d7]  (no source info available)
C  [ntdll.dll+0x9c5dc]  (no source info available)


siginfo: EXCEPTION_ACCESS_VIOLATION (0xc0000005), reading address 0xffffffffffffffff


Registers:
RAX=0x0000000000000010, RBX=0x0000000000000000, RCX=0xffffffffffffffff, RDX=0x007ffd5e54300010
RSP=0x0000003c85afe8f0, RBP=0x0000023717975350, RSI=0x0000003c85afea60, RDI=0x0000023717975350
R8 =0x0000000000000042, R9 =0x00000007128082e0, R10=0x00007ffd5e7b9fb0, R11=0x0000000000000004
R12=0x0000003c85afea60, R13=0x00000237723c3da0, R14=0x000002377246e9c8, R15=0x000002377246e9c8
RIP=0x00007ffd5c963004, EFLAGS=0x0000000000010202

XMM[0]=0x0000000000000000 0x0000000000000000
XMM[1]=0x0000000000000000 0x0000000000000000
XMM[2]=0x0000000000000000 0x0000000000000000
XMM[3]=0x0000000000000000 0x0000000000000000
XMM[4]=0x0000000000000000 0x0000000000000000
XMM[5]=0x0000000000000000 0x0000000000000000
XMM[6]=0x0000000000000000 0x0000000000000000
XMM[7]=0x0000000000000000 0x0000000000000000
XMM[8]=0x0000000000000000 0x0000000000000000
XMM[9]=0x0000000000000000 0x0000000000000000
XMM[10]=0x0000000000000000 0x0000000000000000
XMM[11]=0x0000000000000000 0x0000000000000000
XMM[12]=0x0000000000000000 0x0000000000000000
XMM[13]=0x0000000000000000 0x0000000000000000
XMM[14]=0x0000000000000000 0x0000000000000000
XMM[15]=0x0000000000000000 0x0000000000000000
  MXCSR=0x00001fa0


Register to memory mapping:

RAX=0x0000000000000010 is an unknown value
RBX=0x0 is null
RCX=0xffffffffffffffff is an unknown value
RDX=0x007ffd5e54300010 is an unknown value
RSP=0x0000003c85afe8f0 is pointing into the stack for thread: 0x000002377246e600
RBP=0x0000023717975350 points into unknown readable memory: 0x00000007128082e0 | e0 82 80 12 07 00 00 00
RSI=0x0000003c85afea60 is pointing into the stack for thread: 0x000002377246e600
RDI=0x0000023717975350 points into unknown readable memory: 0x00000007128082e0 | e0 82 80 12 07 00 00 00
R8 =0x0000000000000042 is an unknown value
R9 =0x00000007128082e0 is an oop: java.lang.Thread 
{0x00000007128082e0} - klass: 'java/lang/Thread' - flags: 

 - ---- fields (total size 14 words):
 - 'threadLocalRandomProbe' 'I' @12  0 (0x00000000)
 - private volatile 'eetop' 'J' @16  2437163705856 (0x000002377246e600)
 - private final 'tid' 'J' @24  3 (0x0000000000000003)
 - 'threadLocalRandomSeed' 'J' @32  0 (0x0000000000000000)
 - injected 'jvmti_thread_state' 'J' @40  2437390181008 (0x000002377fc6a290)
 - 'threadLocalRandomSecondarySeed' 'I' @48  0 (0x00000000)
 - injected 'jvmti_VTMS_transition_disable_count' 'I' @52  0 (0x00000000)
 - injected 'jfr_epoch' 'S' @56  0 (0x0000)
 - volatile 'interrupted' 'Z' @58  false (0x00)
 - injected 'jvmti_is_in_VTMS_transition' 'Z' @59  false (0x00)
 - private volatile 'name' 'Ljava/lang/String;' @60  "main"{0x0000000712808350} (0xe250106a)
 - private volatile 'contextClassLoader' 'Ljava/lang/ClassLoader;' @64  a 'jdk/internal/loader/ClassLoaders$AppClassLoader'{0x00000007128d1c20} (0xe251a384)
 - private final 'holder' 'Ljava/lang/Thread$FieldHolder;' @68  a 'java/lang/Thread$FieldHolder'{0x0000000712808390} (0xe2501072)
 - 'threadLocals' 'Ljava/lang/ThreadLocal$ThreadLocalMap;' @72  a 'java/lang/ThreadLocal$ThreadLocalMap'{0x000000071275ceb8} (0xe24eb9d7)
 - 'inheritableThreadLocals' 'Ljava/lang/ThreadLocal$ThreadLocalMap;' @76  null (0x00000000)
 - private 'scopedValueBindings' 'Ljava/lang/Object;' @80  a 'java/lang/Class'{0x0000000712801f30} = 'java/lang/Thread' (0xe25003e6)
 - final 'interruptLock' 'Ljava/lang/Object;' @84  a 'java/lang/Object'{0x0000000712808380} (0xe2501070)
 - private volatile 'parkBlocker' 'Ljava/lang/Object;' @88  null (0x00000000)
 - private 'nioBlocker' 'Lsun/nio/ch/Interruptible;' @92  null (0x00000000)
 - private 'cont' 'Ljdk/internal/vm/Continuation;' @96  null (0x00000000)
 - private volatile 'uncaughtExceptionHandler' 'Ljava/lang/Thread$UncaughtExceptionHandler;' @100  null (0x00000000)
 - private 'container' 'Ljdk/internal/vm/ThreadContainer;' @104  null (0x00000000)
 - private volatile 'headStackableScopes' 'Ljdk/internal/vm/StackableScope;' @108  null (0x00000000)
R10=0x00007ffd5e7b9fb0 jvm.dll
R11=0x0000000000000004 is an unknown value
R12=0x0000003c85afea60 is pointing into the stack for thread: 0x000002377246e600
R13=0x00000237723c3da0 points into unknown readable memory: 0x00007ffd5e72a510 | 10 a5 72 5e fd 7f 00 00
R14=0x000002377246e9c8 points into unknown readable memory: 0x00007ffd5e7217b0 | b0 17 72 5e fd 7f 00 00
R15=0x000002377246e9c8 points into unknown readable memory: 0x00007ffd5e7217b0 | b0 17 72 5e fd 7f 00 00

Top of Stack: (sp=0x0000003c85afe8f0)
0x0000003c85afe8f0:   0000003c85afea60 0000023717975350   `...<...PS..7...
0x0000003c85afe900:   0000000000000000 0000023771f6ff20   ........ ..q7...
0x0000003c85afe910:   000000000000001a 00007ffd5c9634db   .........4.\....
0x0000003c85afe920:   0000000000000000 000002377246e9c8   ..........Fr7...
0x0000003c85afe930:   0000003c85afea01 0000000000000000   ....<...........
0x0000003c85afe940:   0000023718bc7800 00007ffd5c962134   .x..7...4!.\....
0x0000003c85afe950:   0000000000000000 000000000000001a   ................
0x0000003c85afe960:   0000000000000000 000000000000001a   ................
0x0000003c85afe970:   0000000900000002 0000023718af7f20   ........ ...7...
0x0000003c85afe980:   0000023718bc7800 0000023718bc7868   .x..7...hx..7...
0x0000003c85afe990:   0000023718bc7870 0000000000000ba8   px..7...........
0x0000003c85afe9a0:   0000000000000000 0000000000000000   ................
0x0000003c85afe9b0:   0000000000000000 00007ffd5df857d4   .........W.]....
0x0000003c85afe9c0:   00007ffd5cabae00 00000000000035f0   ...\.....5......
0x0000003c85afe9d0:   00007ffd5cabae00 00000000ffffffff   ...\............
0x0000003c85afe9e0:   0000000000000000 00007ffd5c9629aa   .........).\....
0x0000003c85afe9f0:   000002377246e9c8 0000000000000000   ..Fr7...........
0x0000003c85afea00:   0000003c85afea69 00000237723c3da0   i...<....=<r7...
0x0000003c85afea10:   00000237000021b4 0000000000000000   .!..7...........
0x0000003c85afea20:   0000000000000000 00007ffdbfeb9fc9   ................
0x0000003c85afea30:   000002377246e9c8 00007ffd5cabae00   ..Fr7......\....
0x0000003c85afea40:   0000000000000000 00007ffd5c9fbc53   ........S..\....
0x0000003c85afea50:   0000000000000000 000002377246e9c8   ..........Fr7...
0x0000003c85afea60:   0000023718c6c530 0000023718c6c870   0...7...p...7...
0x0000003c85afea70:   0000023718c6c870 00007ffd5cabae00   p...7......\....
0x0000003c85afea80:   00000237723d8598 0000003c85afebf8   ..=r7.......<...
0x0000003c85afea90:   0000003c85afed30 0000000000008840   0...<...@.......
0x0000003c85afeaa0:   00007ffd5caad080 00007ffd5cabae50   ...\....P..\....
0x0000003c85afeab0:   0000000000989680 0000000000989680   ................
0x0000003c85afeac0:   0000003c85afebd0 00007ffd5c95d561   ....<...a..\....
0x0000003c85afead0:   00007ffd5cabae00 00007ffd5cabae58   ...\....X..\....
0x0000003c85afeae0:   00007ffd00000000 003f4dce00000001   .............M?.

Instructions: (pc=0x00007ffd5c963004)
  0x00007ffd5c962f04:   cc cc cc cc cc cc cc cc cc cc cc cc cc cc cc cc
  0x00007ffd5c962f14:   cc cc cc cc cc cc cc cc cc cc cc cc cc cc cc cc
  0x00007ffd5c962f24:   cc cc cc cc cc cc cc cc cc cc cc cc cc cc cc cc
  0x00007ffd5c962f34:   cc cc cc cc cc cc cc cc cc cc cc cc cc cc cc cc
  0x00007ffd5c962f44:   cc cc cc cc cc cc cc cc cc cc cc cc cc cc cc cc
  0x00007ffd5c962f54:   cc cc cc cc cc cc cc cc cc cc cc cc cc cc cc cc
  0x00007ffd5c962f64:   cc cc cc cc cc cc cc cc cc cc cc cc cc cc cc cc
  0x00007ffd5c962f74:   cc cc cc cc cc cc cc cc cc cc cc cc cc cc cc cc
  0x00007ffd5c962f84:   cc cc cc cc cc cc cc cc cc cc cc cc 40 57 48 83
  0x00007ffd5c962f94:   ec 20 48 8b f9 48 8b 0d 30 80 15 00 48 85 c9 74
  0x00007ffd5c962fa4:   20 48 8b 01 48 8d 54 24 38 41 b8 06 00 01 00 4c
  0x00007ffd5c962fb4:   8b 48 30 41 ff d1 85 c0 75 07 48 8b 4c 24 38 eb
  0x00007ffd5c962fc4:   02 33 c9 4c 8b 05 0a 81 15 00 48 89 5c 24 30 4d
  0x00007ffd5c962fd4:   85 c0 74 4a 48 8b 01 48 8b d7 4c 8b 88 28 03 00
  0x00007ffd5c962fe4:   00 41 ff d1 48 85 c0 74 35 48 63 0d b8 3d 15 00
  0x00007ffd5c962ff4:   48 8b 14 01 48 85 d2 74 15 48 63 05 bc 3d 15 00
=>0x00007ffd5c963004:   8b 04 10 48 8b 5c 24 30 48 83 c4 20 5f c3 b8 ff
  0x00007ffd5c963014:   ff ff ff 48 8b 5c 24 30 48 83 c4 20 5f c3 80 3d
  0x00007ffd5c963024:   bb 7f 15 00 00 bb ff ff ff ff 74 20 4c 8b 0d 51
  0x00007ffd5c963034:   7c 15 00 4c 8d 44 24 38 48 8b 0d 35 7c 15 00 48
  0x00007ffd5c963044:   8b d7 41 ff d1 85 c0 0f 44 5c 24 38 8b c3 48 8b
  0x00007ffd5c963054:   5c 24 30 48 83 c4 20 5f c3 cc cc cc cc cc cc cc
  0x00007ffd5c963064:   cc cc cc cc cc cc cc cc cc cc cc cc cc cc cc cc
  0x00007ffd5c963074:   cc cc cc cc cc cc cc cc cc cc cc cc cc cc cc cc
  0x00007ffd5c963084:   cc cc cc cc cc cc cc cc cc cc cc cc 48 89 54 24
  0x00007ffd5c963094:   10 53 55 56 57 41 56 41 57 48 83 ec 28 48 8b f2
  0x00007ffd5c9630a4:   4c 8b f1 48 89 4c 24 78 45 33 ff 44 89 7c 24 68
  0x00007ffd5c9630b4:   c7 44 24 60 01 00 00 00 48 8d 4c 24 68 e8 69 3c
  0x00007ffd5c9630c4:   f7 ff 8b d8 48 8d 4c 24 60 e8 5d 3c f7 ff 8b e8
  0x00007ffd5c9630d4:   49 8b ce e8 33 f3 f6 ff 48 8b f8 90 8b c3 f0 0f
  0x00007ffd5c9630e4:   b1 2f 74 04 f3 90 eb f4 4c 89 3e 4c 89 7e 08 4c
  0x00007ffd5c9630f4:   89 7e 10 49 8b 6e 08 4d 8b 76 10 49 3b ee 0f 84


Stack slot to memory mapping:

stack at sp + 0 slots: 0x0000003c85afea60 is pointing into the stack for thread: 0x000002377246e600
stack at sp + 1 slots: 0x0000023717975350 points into unknown readable memory: 0x00000007128082e0 | e0 82 80 12 07 00 00 00
stack at sp + 2 slots: 0x0 is null
stack at sp + 3 slots: 0x0000023771f6ff20 points into unknown readable memory: 0x6e616c2e6176616a | 6a 61 76 61 2e 6c 61 6e
stack at sp + 4 slots: 0x000000000000001a is an unknown value
stack at sp + 5 slots: 0x00007ffd5c9634db libasyncProfiler.dll
stack at sp + 6 slots: 0x0 is null
stack at sp + 7 slots: 0x000002377246e9c8 points into unknown readable memory: 0x00007ffd5e7217b0 | b0 17 72 5e fd 7f 00 00

Lock stack of current Java thread (top to bottom):


---------------  P R O C E S S  ---------------

Threads class SMR info:
_java_thread_list=0x0000023718cb2040, length=15, elements={
0x000002377246e600, 0x000002377fb90350, 0x00000237720fb8f0, 0x000002377fb873a0,
0x000002377fb7de20, 0x000002377fb80640, 0x000002377fb81170, 0x000002377fb9a250,
0x000002377fba44f0, 0x000002377fd82800, 0x000002377fba5ba0, 0x000002377fba4c80,
0x0000023717866300, 0x0000023718af41d0, 0x0000023718ce04c0
}

Java Threads: ( => current thread )
=>0x000002377246e600 JavaThread "main"                              [_thread_in_native, id=18124, stack(0x0000003c85a00000,0x0000003c85b00000) (1024K)]
  0x000002377fb90350 JavaThread "Reference Handler"          daemon [_thread_blocked, id=9328, stack(0x0000003c86200000,0x0000003c86300000) (1024K)]
  0x00000237720fb8f0 JavaThread "Finalizer"                  daemon [_thread_blocked, id=12132, stack(0x0000003c86300000,0x0000003c86400000) (1024K)]
  0x000002377fb873a0 JavaThread "Signal Dispatcher"          daemon [_thread_blocked, id=23280, stack(0x0000003c86400000,0x0000003c86500000) (1024K)]
  0x000002377fb7de20 JavaThread "Attach Listener"            daemon [_thread_blocked, id=22164, stack(0x0000003c86500000,0x0000003c86600000) (1024K)]
  0x000002377fb80640 JavaThread "Service Thread"             daemon [_thread_blocked, id=19664, stack(0x0000003c86600000,0x0000003c86700000) (1024K)]
  0x000002377fb81170 JavaThread "Monitor Deflation Thread"   daemon [_thread_blocked, id=10164, stack(0x0000003c86700000,0x0000003c86800000) (1024K)]
  0x000002377fb9a250 JavaThread "C2 CompilerThread0"         daemon [_thread_blocked, id=23300, stack(0x0000003c86800000,0x0000003c86900000) (1024K)]
  0x000002377fba44f0 JavaThread "C1 CompilerThread0"         daemon [_thread_blocked, id=12120, stack(0x0000003c86900000,0x0000003c86a00000) (1024K)]
  0x000002377fd82800 JavaThread "Common-Cleaner"             daemon [_thread_blocked, id=19884, stack(0x0000003c86a00000,0x0000003c86b00000) (1024K)]
  0x000002377fba5ba0 JavaThread "C2 CompilerThread1"         daemon [_thread_blocked, id=1740, stack(0x0000003c86b00000,0x0000003c86c00000) (1024K)]
  0x000002377fba4c80 JavaThread "C2 CompilerThread2"         daemon [_thread_blocked, id=8256, stack(0x0000003c86c00000,0x0000003c86d00000) (1024K)]
  0x0000023717866300 JavaThread "Monitor Ctrl-Break"         daemon [_thread_in_native, id=5688, stack(0x0000003c86d00000,0x0000003c86e00000) (1024K)]
  0x0000023718af41d0 JavaThread "JFR Recorder Thread"        daemon [_thread_in_native, id=19792, stack(0x0000003c86e00000,0x0000003c86f00000) (1024K)]
  0x0000023718ce04c0 JavaThread "JFR Periodic Tasks"         daemon [_thread_blocked, id=2984, stack(0x0000003c86f00000,0x0000003c87000000) (1024K)]
Total: 15

Other Threads:
  0x00000237720e7570 VMThread "VM Thread"                           [id=21616, stack(0x0000003c86100000,0x0000003c86200000) (1024K)]
  0x00000237720d7940 WatcherThread "VM Periodic Task Thread"        [id=928, stack(0x0000003c86000000,0x0000003c86100000) (1024K)]
  0x0000023771fdf830 WorkerThread "GC Thread#0"                     [id=19444, stack(0x0000003c85b00000,0x0000003c85c00000) (1024K)]
  0x000002377202f010 ConcurrentGCThread "G1 Main Marker"            [id=14224, stack(0x0000003c85c00000,0x0000003c85d00000) (1024K)]
  0x00000237720301d0 WorkerThread "G1 Conc#0"                       [id=3248, stack(0x0000003c85d00000,0x0000003c85e00000) (1024K)]
  0x00000237720b34c0 ConcurrentGCThread "G1 Refine#0"               [id=6100, stack(0x0000003c85e00000,0x0000003c85f00000) (1024K)]
  0x00000237720b3f50 ConcurrentGCThread "G1 Service"                [id=22312, stack(0x0000003c85f00000,0x0000003c86000000) (1024K)]
Total: 7

Threads with active compile tasks:
Total: 0

VM state: not at safepoint (normal execution)

VM Mutex/Monitor currently owned by a thread: None

Heap address: 0x0000000702c00000, size: 4052 MB, Compressed Oops mode: Zero based, Oop shift amount: 3

CDS archive(s) not mapped
Compressed class space mapped at: 0x00000000ae000000-0x00000000ee000000, reserved size: 1073741824
UseCompressedClassPointers 1, UseCompactObjectHeaders 0
Narrow klass pointer bits 32, Max shift 3
Narrow klass base: 0x0000000000000000, Narrow klass shift: 0
Encoding Range: [0x0000000000000000 - 0x0000000100000000), (4294967296 bytes)
Klass Range:    [0x00000000ae000000 - 0x00000000ee000000), (1073741824 bytes)
Klass ID Range:  [2919235584 - 3992977401) (1073741817)

GC Precious Log:
 CardTable entry size: 512
 Card Set container configuration: InlinePtr #cards 4 size 8 Array Of Cards #cards 16 size 48 Howl #buckets 8 coarsen threshold 3686 Howl Bitmap #cards 512 size 80 coarsen threshold 460 Card regions per heap region 1 cards per card region 4096
 CPUs: 12 total, 12 available
 Memory: 16205M
 Large Page Support: Disabled
 NUMA Support: Disabled
 Compressed Oops: Enabled (Zero based)
 Heap Region Size: 2M
 Heap Min Capacity: 8M
 Heap Initial Capacity: 254M
 Heap Max Capacity: 4052M
 Pre-touch: Disabled
 Parallel Workers: 10
 Concurrent Workers: 3
 Concurrent Refinement Workers: 10
 Periodic GC: Disabled

Heap:
 garbage-first heap   total reserved 4149248K, committed 260096K, used 30720K [0x0000000702c00000, 0x0000000800000000)
  region size 2048K, 16 young (32768K), 0 survivors (0K)
 Metaspace       used 12984K, committed 13120K, reserved 1114112K
  class space    used 997K, committed 1024K, reserved 1048576K

Heap Regions: E=young(eden), S=young(survivor), O=old, HS=humongous(starts), HC=humongous(continues), CS=collection set, F=free, TAMS=top-at-mark-start, PB=parsable bottom
|   0|0x0000000702c00000, 0x0000000702c00000, 0x0000000702e00000|  0%| F|  |TAMS 0x0000000702c00000| PB 0x0000000702c00000| Untracked |  0
|   1|0x0000000702e00000, 0x0000000702e00000, 0x0000000703000000|  0%| F|  |TAMS 0x0000000702e00000| PB 0x0000000702e00000| Untracked |  0
|   2|0x0000000703000000, 0x0000000703000000, 0x0000000703200000|  0%| F|  |TAMS 0x0000000703000000| PB 0x0000000703000000| Untracked |  0
|   3|0x0000000703200000, 0x0000000703200000, 0x0000000703400000|  0%| F|  |TAMS 0x0000000703200000| PB 0x0000000703200000| Untracked |  0
|   4|0x0000000703400000, 0x0000000703400000, 0x0000000703600000|  0%| F|  |TAMS 0x0000000703400000| PB 0x0000000703400000| Untracked |  0
|   5|0x0000000703600000, 0x0000000703600000, 0x0000000703800000|  0%| F|  |TAMS 0x0000000703600000| PB 0x0000000703600000| Untracked |  0
|   6|0x0000000703800000, 0x0000000703800000, 0x0000000703a00000|  0%| F|  |TAMS 0x0000000703800000| PB 0x0000000703800000| Untracked |  0
|   7|0x0000000703a00000, 0x0000000703a00000, 0x0000000703c00000|  0%| F|  |TAMS 0x0000000703a00000| PB 0x0000000703a00000| Untracked |  0
|   8|0x0000000703c00000, 0x0000000703c00000, 0x0000000703e00000|  0%| F|  |TAMS 0x0000000703c00000| PB 0x0000000703c00000| Untracked |  0
|   9|0x0000000703e00000, 0x0000000703e00000, 0x0000000704000000|  0%| F|  |TAMS 0x0000000703e00000| PB 0x0000000703e00000| Untracked |  0
|  10|0x0000000704000000, 0x0000000704000000, 0x0000000704200000|  0%| F|  |TAMS 0x0000000704000000| PB 0x0000000704000000| Untracked |  0
|  11|0x0000000704200000, 0x0000000704200000, 0x0000000704400000|  0%| F|  |TAMS 0x0000000704200000| PB 0x0000000704200000| Untracked |  0
|  12|0x0000000704400000, 0x0000000704400000, 0x0000000704600000|  0%| F|  |TAMS 0x0000000704400000| PB 0x0000000704400000| Untracked |  0
|  13|0x0000000704600000, 0x0000000704600000, 0x0000000704800000|  0%| F|  |TAMS 0x0000000704600000| PB 0x0000000704600000| Untracked |  0
|  14|0x0000000704800000, 0x0000000704800000, 0x0000000704a00000|  0%| F|  |TAMS 0x0000000704800000| PB 0x0000000704800000| Untracked |  0
|  15|0x0000000704a00000, 0x0000000704a00000, 0x0000000704c00000|  0%| F|  |TAMS 0x0000000704a00000| PB 0x0000000704a00000| Untracked |  0
|  16|0x0000000704c00000, 0x0000000704c00000, 0x0000000704e00000|  0%| F|  |TAMS 0x0000000704c00000| PB 0x0000000704c00000| Untracked |  0
|  17|0x0000000704e00000, 0x0000000704e00000, 0x0000000705000000|  0%| F|  |TAMS 0x0000000704e00000| PB 0x0000000704e00000| Untracked |  0
|  18|0x0000000705000000, 0x0000000705000000, 0x0000000705200000|  0%| F|  |TAMS 0x0000000705000000| PB 0x0000000705000000| Untracked |  0
|  19|0x0000000705200000, 0x0000000705200000, 0x0000000705400000|  0%| F|  |TAMS 0x0000000705200000| PB 0x0000000705200000| Untracked |  0
|  20|0x0000000705400000, 0x0000000705400000, 0x0000000705600000|  0%| F|  |TAMS 0x0000000705400000| PB 0x0000000705400000| Untracked |  0
|  21|0x0000000705600000, 0x0000000705600000, 0x0000000705800000|  0%| F|  |TAMS 0x0000000705600000| PB 0x0000000705600000| Untracked |  0
|  22|0x0000000705800000, 0x0000000705800000, 0x0000000705a00000|  0%| F|  |TAMS 0x0000000705800000| PB 0x0000000705800000| Untracked |  0
|  23|0x0000000705a00000, 0x0000000705a00000, 0x0000000705c00000|  0%| F|  |TAMS 0x0000000705a00000| PB 0x0000000705a00000| Untracked |  0
|  24|0x0000000705c00000, 0x0000000705c00000, 0x0000000705e00000|  0%| F|  |TAMS 0x0000000705c00000| PB 0x0000000705c00000| Untracked |  0
|  25|0x0000000705e00000, 0x0000000705e00000, 0x0000000706000000|  0%| F|  |TAMS 0x0000000705e00000| PB 0x0000000705e00000| Untracked |  0
|  26|0x0000000706000000, 0x0000000706000000, 0x0000000706200000|  0%| F|  |TAMS 0x0000000706000000| PB 0x0000000706000000| Untracked |  0
|  27|0x0000000706200000, 0x0000000706200000, 0x0000000706400000|  0%| F|  |TAMS 0x0000000706200000| PB 0x0000000706200000| Untracked |  0
|  28|0x0000000706400000, 0x0000000706400000, 0x0000000706600000|  0%| F|  |TAMS 0x0000000706400000| PB 0x0000000706400000| Untracked |  0
|  29|0x0000000706600000, 0x0000000706600000, 0x0000000706800000|  0%| F|  |TAMS 0x0000000706600000| PB 0x0000000706600000| Untracked |  0
|  30|0x0000000706800000, 0x0000000706800000, 0x0000000706a00000|  0%| F|  |TAMS 0x0000000706800000| PB 0x0000000706800000| Untracked |  0
|  31|0x0000000706a00000, 0x0000000706a00000, 0x0000000706c00000|  0%| F|  |TAMS 0x0000000706a00000| PB 0x0000000706a00000| Untracked |  0
|  32|0x0000000706c00000, 0x0000000706c00000, 0x0000000706e00000|  0%| F|  |TAMS 0x0000000706c00000| PB 0x0000000706c00000| Untracked |  0
|  33|0x0000000706e00000, 0x0000000706e00000, 0x0000000707000000|  0%| F|  |TAMS 0x0000000706e00000| PB 0x0000000706e00000| Untracked |  0
|  34|0x0000000707000000, 0x0000000707000000, 0x0000000707200000|  0%| F|  |TAMS 0x0000000707000000| PB 0x0000000707000000| Untracked |  0
|  35|0x0000000707200000, 0x0000000707200000, 0x0000000707400000|  0%| F|  |TAMS 0x0000000707200000| PB 0x0000000707200000| Untracked |  0
|  36|0x0000000707400000, 0x0000000707400000, 0x0000000707600000|  0%| F|  |TAMS 0x0000000707400000| PB 0x0000000707400000| Untracked |  0
|  37|0x0000000707600000, 0x0000000707600000, 0x0000000707800000|  0%| F|  |TAMS 0x0000000707600000| PB 0x0000000707600000| Untracked |  0
|  38|0x0000000707800000, 0x0000000707800000, 0x0000000707a00000|  0%| F|  |TAMS 0x0000000707800000| PB 0x0000000707800000| Untracked |  0
|  39|0x0000000707a00000, 0x0000000707a00000, 0x0000000707c00000|  0%| F|  |TAMS 0x0000000707a00000| PB 0x0000000707a00000| Untracked |  0
|  40|0x0000000707c00000, 0x0000000707c00000, 0x0000000707e00000|  0%| F|  |TAMS 0x0000000707c00000| PB 0x0000000707c00000| Untracked |  0
|  41|0x0000000707e00000, 0x0000000707e00000, 0x0000000708000000|  0%| F|  |TAMS 0x0000000707e00000| PB 0x0000000707e00000| Untracked |  0
|  42|0x0000000708000000, 0x0000000708000000, 0x0000000708200000|  0%| F|  |TAMS 0x0000000708000000| PB 0x0000000708000000| Untracked |  0
|  43|0x0000000708200000, 0x0000000708200000, 0x0000000708400000|  0%| F|  |TAMS 0x0000000708200000| PB 0x0000000708200000| Untracked |  0
|  44|0x0000000708400000, 0x0000000708400000, 0x0000000708600000|  0%| F|  |TAMS 0x0000000708400000| PB 0x0000000708400000| Untracked |  0
|  45|0x0000000708600000, 0x0000000708600000, 0x0000000708800000|  0%| F|  |TAMS 0x0000000708600000| PB 0x0000000708600000| Untracked |  0
|  46|0x0000000708800000, 0x0000000708800000, 0x0000000708a00000|  0%| F|  |TAMS 0x0000000708800000| PB 0x0000000708800000| Untracked |  0
|  47|0x0000000708a00000, 0x0000000708a00000, 0x0000000708c00000|  0%| F|  |TAMS 0x0000000708a00000| PB 0x0000000708a00000| Untracked |  0
|  48|0x0000000708c00000, 0x0000000708c00000, 0x0000000708e00000|  0%| F|  |TAMS 0x0000000708c00000| PB 0x0000000708c00000| Untracked |  0
|  49|0x0000000708e00000, 0x0000000708e00000, 0x0000000709000000|  0%| F|  |TAMS 0x0000000708e00000| PB 0x0000000708e00000| Untracked |  0
|  50|0x0000000709000000, 0x0000000709000000, 0x0000000709200000|  0%| F|  |TAMS 0x0000000709000000| PB 0x0000000709000000| Untracked |  0
|  51|0x0000000709200000, 0x0000000709200000, 0x0000000709400000|  0%| F|  |TAMS 0x0000000709200000| PB 0x0000000709200000| Untracked |  0
|  52|0x0000000709400000, 0x0000000709400000, 0x0000000709600000|  0%| F|  |TAMS 0x0000000709400000| PB 0x0000000709400000| Untracked |  0
|  53|0x0000000709600000, 0x0000000709600000, 0x0000000709800000|  0%| F|  |TAMS 0x0000000709600000| PB 0x0000000709600000| Untracked |  0
|  54|0x0000000709800000, 0x0000000709800000, 0x0000000709a00000|  0%| F|  |TAMS 0x0000000709800000| PB 0x0000000709800000| Untracked |  0
|  55|0x0000000709a00000, 0x0000000709a00000, 0x0000000709c00000|  0%| F|  |TAMS 0x0000000709a00000| PB 0x0000000709a00000| Untracked |  0
|  56|0x0000000709c00000, 0x0000000709c00000, 0x0000000709e00000|  0%| F|  |TAMS 0x0000000709c00000| PB 0x0000000709c00000| Untracked |  0
|  57|0x0000000709e00000, 0x0000000709e00000, 0x000000070a000000|  0%| F|  |TAMS 0x0000000709e00000| PB 0x0000000709e00000| Untracked |  0
|  58|0x000000070a000000, 0x000000070a000000, 0x000000070a200000|  0%| F|  |TAMS 0x000000070a000000| PB 0x000000070a000000| Untracked |  0
|  59|0x000000070a200000, 0x000000070a200000, 0x000000070a400000|  0%| F|  |TAMS 0x000000070a200000| PB 0x000000070a200000| Untracked |  0
|  60|0x000000070a400000, 0x000000070a400000, 0x000000070a600000|  0%| F|  |TAMS 0x000000070a400000| PB 0x000000070a400000| Untracked |  0
|  61|0x000000070a600000, 0x000000070a600000, 0x000000070a800000|  0%| F|  |TAMS 0x000000070a600000| PB 0x000000070a600000| Untracked |  0
|  62|0x000000070a800000, 0x000000070a800000, 0x000000070aa00000|  0%| F|  |TAMS 0x000000070a800000| PB 0x000000070a800000| Untracked |  0
|  63|0x000000070aa00000, 0x000000070aa00000, 0x000000070ac00000|  0%| F|  |TAMS 0x000000070aa00000| PB 0x000000070aa00000| Untracked |  0
|  64|0x000000070ac00000, 0x000000070ac00000, 0x000000070ae00000|  0%| F|  |TAMS 0x000000070ac00000| PB 0x000000070ac00000| Untracked |  0
|  65|0x000000070ae00000, 0x000000070ae00000, 0x000000070b000000|  0%| F|  |TAMS 0x000000070ae00000| PB 0x000000070ae00000| Untracked |  0
|  66|0x000000070b000000, 0x000000070b000000, 0x000000070b200000|  0%| F|  |TAMS 0x000000070b000000| PB 0x000000070b000000| Untracked |  0
|  67|0x000000070b200000, 0x000000070b200000, 0x000000070b400000|  0%| F|  |TAMS 0x000000070b200000| PB 0x000000070b200000| Untracked |  0
|  68|0x000000070b400000, 0x000000070b400000, 0x000000070b600000|  0%| F|  |TAMS 0x000000070b400000| PB 0x000000070b400000| Untracked |  0
|  69|0x000000070b600000, 0x000000070b600000, 0x000000070b800000|  0%| F|  |TAMS 0x000000070b600000| PB 0x000000070b600000| Untracked |  0
|  70|0x000000070b800000, 0x000000070b800000, 0x000000070ba00000|  0%| F|  |TAMS 0x000000070b800000| PB 0x000000070b800000| Untracked |  0
|  71|0x000000070ba00000, 0x000000070ba00000, 0x000000070bc00000|  0%| F|  |TAMS 0x000000070ba00000| PB 0x000000070ba00000| Untracked |  0
|  72|0x000000070bc00000, 0x000000070bc00000, 0x000000070be00000|  0%| F|  |TAMS 0x000000070bc00000| PB 0x000000070bc00000| Untracked |  0
|  73|0x000000070be00000, 0x000000070be00000, 0x000000070c000000|  0%| F|  |TAMS 0x000000070be00000| PB 0x000000070be00000| Untracked |  0
|  74|0x000000070c000000, 0x000000070c000000, 0x000000070c200000|  0%| F|  |TAMS 0x000000070c000000| PB 0x000000070c000000| Untracked |  0
|  75|0x000000070c200000, 0x000000070c200000, 0x000000070c400000|  0%| F|  |TAMS 0x000000070c200000| PB 0x000000070c200000| Untracked |  0
|  76|0x000000070c400000, 0x000000070c400000, 0x000000070c600000|  0%| F|  |TAMS 0x000000070c400000| PB 0x000000070c400000| Untracked |  0
|  77|0x000000070c600000, 0x000000070c600000, 0x000000070c800000|  0%| F|  |TAMS 0x000000070c600000| PB 0x000000070c600000| Untracked |  0
|  78|0x000000070c800000, 0x000000070c800000, 0x000000070ca00000|  0%| F|  |TAMS 0x000000070c800000| PB 0x000000070c800000| Untracked |  0
|  79|0x000000070ca00000, 0x000000070ca00000, 0x000000070cc00000|  0%| F|  |TAMS 0x000000070ca00000| PB 0x000000070ca00000| Untracked |  0
|  80|0x000000070cc00000, 0x000000070cc00000, 0x000000070ce00000|  0%| F|  |TAMS 0x000000070cc00000| PB 0x000000070cc00000| Untracked |  0
|  81|0x000000070ce00000, 0x000000070ce00000, 0x000000070d000000|  0%| F|  |TAMS 0x000000070ce00000| PB 0x000000070ce00000| Untracked |  0
|  82|0x000000070d000000, 0x000000070d000000, 0x000000070d200000|  0%| F|  |TAMS 0x000000070d000000| PB 0x000000070d000000| Untracked |  0
|  83|0x000000070d200000, 0x000000070d200000, 0x000000070d400000|  0%| F|  |TAMS 0x000000070d200000| PB 0x000000070d200000| Untracked |  0
|  84|0x000000070d400000, 0x000000070d400000, 0x000000070d600000|  0%| F|  |TAMS 0x000000070d400000| PB 0x000000070d400000| Untracked |  0
|  85|0x000000070d600000, 0x000000070d600000, 0x000000070d800000|  0%| F|  |TAMS 0x000000070d600000| PB 0x000000070d600000| Untracked |  0
|  86|0x000000070d800000, 0x000000070d800000, 0x000000070da00000|  0%| F|  |TAMS 0x000000070d800000| PB 0x000000070d800000| Untracked |  0
|  87|0x000000070da00000, 0x000000070da00000, 0x000000070dc00000|  0%| F|  |TAMS 0x000000070da00000| PB 0x000000070da00000| Untracked |  0
|  88|0x000000070dc00000, 0x000000070dc00000, 0x000000070de00000|  0%| F|  |TAMS 0x000000070dc00000| PB 0x000000070dc00000| Untracked |  0
|  89|0x000000070de00000, 0x000000070de00000, 0x000000070e000000|  0%| F|  |TAMS 0x000000070de00000| PB 0x000000070de00000| Untracked |  0
|  90|0x000000070e000000, 0x000000070e000000, 0x000000070e200000|  0%| F|  |TAMS 0x000000070e000000| PB 0x000000070e000000| Untracked |  0
|  91|0x000000070e200000, 0x000000070e200000, 0x000000070e400000|  0%| F|  |TAMS 0x000000070e200000| PB 0x000000070e200000| Untracked |  0
|  92|0x000000070e400000, 0x000000070e400000, 0x000000070e600000|  0%| F|  |TAMS 0x000000070e400000| PB 0x000000070e400000| Untracked |  0
|  93|0x000000070e600000, 0x000000070e600000, 0x000000070e800000|  0%| F|  |TAMS 0x000000070e600000| PB 0x000000070e600000| Untracked |  0
|  94|0x000000070e800000, 0x000000070e800000, 0x000000070ea00000|  0%| F|  |TAMS 0x000000070e800000| PB 0x000000070e800000| Untracked |  0
|  95|0x000000070ea00000, 0x000000070ea00000, 0x000000070ec00000|  0%| F|  |TAMS 0x000000070ea00000| PB 0x000000070ea00000| Untracked |  0
|  96|0x000000070ec00000, 0x000000070ec00000, 0x000000070ee00000|  0%| F|  |TAMS 0x000000070ec00000| PB 0x000000070ec00000| Untracked |  0
|  97|0x000000070ee00000, 0x000000070ee00000, 0x000000070f000000|  0%| F|  |TAMS 0x000000070ee00000| PB 0x000000070ee00000| Untracked |  0
|  98|0x000000070f000000, 0x000000070f000000, 0x000000070f200000|  0%| F|  |TAMS 0x000000070f000000| PB 0x000000070f000000| Untracked |  0
|  99|0x000000070f200000, 0x000000070f200000, 0x000000070f400000|  0%| F|  |TAMS 0x000000070f200000| PB 0x000000070f200000| Untracked |  0
| 100|0x000000070f400000, 0x000000070f400000, 0x000000070f600000|  0%| F|  |TAMS 0x000000070f400000| PB 0x000000070f400000| Untracked |  0
| 101|0x000000070f600000, 0x000000070f600000, 0x000000070f800000|  0%| F|  |TAMS 0x000000070f600000| PB 0x000000070f600000| Untracked |  0
| 102|0x000000070f800000, 0x000000070f800000, 0x000000070fa00000|  0%| F|  |TAMS 0x000000070f800000| PB 0x000000070f800000| Untracked |  0
| 103|0x000000070fa00000, 0x000000070fa00000, 0x000000070fc00000|  0%| F|  |TAMS 0x000000070fa00000| PB 0x000000070fa00000| Untracked |  0
| 104|0x000000070fc00000, 0x000000070fc00000, 0x000000070fe00000|  0%| F|  |TAMS 0x000000070fc00000| PB 0x000000070fc00000| Untracked |  0
| 105|0x000000070fe00000, 0x000000070fe00000, 0x0000000710000000|  0%| F|  |TAMS 0x000000070fe00000| PB 0x000000070fe00000| Untracked |  0
| 106|0x0000000710000000, 0x0000000710000000, 0x0000000710200000|  0%| F|  |TAMS 0x0000000710000000| PB 0x0000000710000000| Untracked |  0
| 107|0x0000000710200000, 0x0000000710200000, 0x0000000710400000|  0%| F|  |TAMS 0x0000000710200000| PB 0x0000000710200000| Untracked |  0
| 108|0x0000000710400000, 0x0000000710400000, 0x0000000710600000|  0%| F|  |TAMS 0x0000000710400000| PB 0x0000000710400000| Untracked |  0
| 109|0x0000000710600000, 0x0000000710600000, 0x0000000710800000|  0%| F|  |TAMS 0x0000000710600000| PB 0x0000000710600000| Untracked |  0
| 110|0x0000000710800000, 0x0000000710800000, 0x0000000710a00000|  0%| F|  |TAMS 0x0000000710800000| PB 0x0000000710800000| Untracked |  0
| 111|0x0000000710a00000, 0x0000000710b094d8, 0x0000000710c00000| 51%| E|  |TAMS 0x0000000710a00000| PB 0x0000000710a00000| Complete |  0
| 112|0x0000000710c00000, 0x0000000710e00000, 0x0000000710e00000|100%| E|CS|TAMS 0x0000000710c00000| PB 0x0000000710c00000| Complete |  0
| 113|0x0000000710e00000, 0x0000000711000000, 0x0000000711000000|100%| E|CS|TAMS 0x0000000710e00000| PB 0x0000000710e00000| Complete |  0
| 114|0x0000000711000000, 0x0000000711200000, 0x0000000711200000|100%| E|CS|TAMS 0x0000000711000000| PB 0x0000000711000000| Complete |  0
| 115|0x0000000711200000, 0x0000000711400000, 0x0000000711400000|100%| E|CS|TAMS 0x0000000711200000| PB 0x0000000711200000| Complete |  0
| 116|0x0000000711400000, 0x0000000711600000, 0x0000000711600000|100%| E|CS|TAMS 0x0000000711400000| PB 0x0000000711400000| Complete |  0
| 117|0x0000000711600000, 0x0000000711800000, 0x0000000711800000|100%| E|CS|TAMS 0x0000000711600000| PB 0x0000000711600000| Complete |  0
| 118|0x0000000711800000, 0x0000000711a00000, 0x0000000711a00000|100%| E|CS|TAMS 0x0000000711800000| PB 0x0000000711800000| Complete |  0
| 119|0x0000000711a00000, 0x0000000711c00000, 0x0000000711c00000|100%| E|CS|TAMS 0x0000000711a00000| PB 0x0000000711a00000| Complete |  0
| 120|0x0000000711c00000, 0x0000000711e00000, 0x0000000711e00000|100%| E|CS|TAMS 0x0000000711c00000| PB 0x0000000711c00000| Complete |  0
| 121|0x0000000711e00000, 0x0000000712000000, 0x0000000712000000|100%| E|CS|TAMS 0x0000000711e00000| PB 0x0000000711e00000| Complete |  0
| 122|0x0000000712000000, 0x0000000712200000, 0x0000000712200000|100%| E|CS|TAMS 0x0000000712000000| PB 0x0000000712000000| Complete |  0
| 123|0x0000000712200000, 0x0000000712400000, 0x0000000712400000|100%| E|CS|TAMS 0x0000000712200000| PB 0x0000000712200000| Complete |  0
| 124|0x0000000712400000, 0x0000000712600000, 0x0000000712600000|100%| E|CS|TAMS 0x0000000712400000| PB 0x0000000712400000| Complete |  0
| 125|0x0000000712600000, 0x0000000712800000, 0x0000000712800000|100%| E|CS|TAMS 0x0000000712600000| PB 0x0000000712600000| Complete |  0
| 126|0x0000000712800000, 0x0000000712a00000, 0x0000000712a00000|100%| E|CS|TAMS 0x0000000712800000| PB 0x0000000712800000| Complete |  0

Card table byte_map: [0x000002377c6e0000,0x000002377ced0000] _byte_map_base: 0x0000023778eca000

Marking Bits: (CMBitMap*) 0x0000023771fdfe50
 Bits: [0x000002370f000000, 0x0000023712f50000)

Polling page: 0x0000023770030000

Metaspace:

Usage:
  Non-class:     11.71 MB used.
      Class:    997.97 KB used.
       Both:     12.68 MB used.

Virtual space:
  Non-class space:       64.00 MB reserved,      11.81 MB ( 18%) committed,  1 nodes.
      Class space:        1.00 GB reserved,       1.00 MB ( <1%) committed,  1 nodes.
             Both:        1.06 GB reserved,      12.81 MB (  1%) committed. 

Chunk freelists:
   Non-Class:  4.21 MB
       Class:  15.00 MB
        Both:  19.21 MB

MaxMetaspaceSize: unlimited
CompressedClassSpaceSize: 1.00 GB
Initial GC threshold: 21.00 MB
Current GC threshold: 21.00 MB
CDS: off
 - commit_granule_bytes: 65536.
 - commit_granule_words: 8192.
 - virtual_space_node_default_size: 8388608.
 - enlarge_chunks_in_place: 1.
UseCompressedClassPointers 1, UseCompactObjectHeaders 0
Narrow klass pointer bits 32, Max shift 3
Narrow klass base: 0x0000000000000000, Narrow klass shift: 0
Encoding Range: [0x0000000000000000 - 0x0000000100000000), (4294967296 bytes)
Klass Range:    [0x00000000ae000000 - 0x00000000ee000000), (1073741824 bytes)
Klass ID Range:  [2919235584 - 3992977401) (1073741817)


Internal statistics:

num_allocs_failed_limit: 0.
num_arena_births: 78.
num_arena_deaths: 0.
num_vsnodes_births: 2.
num_vsnodes_deaths: 0.
num_space_committed: 205.
num_space_uncommitted: 0.
num_chunks_returned_to_freelist: 0.
num_chunks_taken_from_freelist: 122.
num_chunk_merges: 0.
num_chunk_splits: 65.
num_chunks_enlarged: 37.
num_inconsistent_stats: 0.

CodeHeap 'non-profiled nmethods': size=120064Kb used=552Kb max_used=552Kb free=119511Kb
 bounds [0x0000023707ac0000, 0x0000023707d30000, 0x000002370f000000]
CodeHeap 'profiled nmethods': size=120000Kb used=2080Kb max_used=2080Kb free=117919Kb
 bounds [0x0000023700000000, 0x0000023700270000, 0x0000023707530000]
CodeHeap 'non-nmethods': size=5696Kb used=1303Kb max_used=1339Kb free=4392Kb
 bounds [0x0000023707530000, 0x00000237077a0000, 0x0000023707ac0000]
CodeCache: size=245760Kb, used=3935Kb, max_used=3971Kb, free=241822Kb
 total_blobs=2044, nmethods=1575, adapters=374, full_count=0
Compilation: enabled, stopped_count=0, restarted_count=0

Compilation events (20 events):
Event: 0.536 Thread 0x000002377fba5ba0 1553       4       java.io.DataOutputStream::incCount (20 bytes)
Event: 0.537 Thread 0x000002377fba44f0 1574       1       jdk.jfr.internal.periodic.EventTask::getEventType (5 bytes)
Event: 0.537 Thread 0x000002377fba4c80 nmethod 1555 0x0000023707b44708 code [0x0000023707b44860, 0x0000023707b450c8]
Event: 0.537 Thread 0x000002377fba44f0 nmethod 1574 0x0000023707b45108 code [0x0000023707b45200, 0x0000023707b452c8]
Event: 0.537 Thread 0x000002377fba44f0 1576       3       java.util.Comparator$$Lambda/0x00000000ae0d0000::compare (10 bytes)
Event: 0.537 Thread 0x000002377fba44f0 nmethod 1576 0x0000023700207688 code [0x00000237002077e0, 0x0000023700207c58]
Event: 0.537 Thread 0x000002377fba4c80 1551       4       java.util.LinkedHashMap::get (29 bytes)
Event: 0.537 Thread 0x000002377fba5ba0 nmethod 1553 0x0000023707b45408 code [0x0000023707b45500, 0x0000023707b455a0]
Event: 0.537 Thread 0x000002377fba44f0 1577       3       java.util.Comparator::lambda$comparingLong$6043328a$1 (18 bytes)
Event: 0.538 Thread 0x000002377fba5ba0 1561       4       java.lang.String::substring (10 bytes)
Event: 0.538 Thread 0x000002377fba44f0 nmethod 1577 0x0000023700207c88 code [0x0000023700207de0, 0x00000237002081b8]
Event: 0.538 Thread 0x000002377fba44f0 1575       1       jdk.jfr.internal.periodic.PeriodicTask::getPeriod (5 bytes)
Event: 0.538 Thread 0x000002377fba44f0 nmethod 1575 0x0000023707b45708 code [0x0000023707b45800, 0x0000023707b458c8]
Event: 0.541 Thread 0x000002377fba5ba0 nmethod 1561 0x0000023707b45a08 code [0x0000023707b45b40, 0x0000023707b460b8]
Event: 0.541 Thread 0x000002377fba5ba0 1556       4       java.util.HashSet::contains (9 bytes)
Event: 0.542 Thread 0x000002377fba4c80 nmethod 1551 0x0000023707b46188 code [0x0000023707b462e0, 0x0000023707b46888]
Event: 0.542 Thread 0x000002377fba4c80 1547       4       java.util.HashMap$KeyIterator::next (8 bytes)
Event: 0.545 Thread 0x000002377fba4c80 nmethod 1547 0x0000023707b46908 code [0x0000023707b46a20, 0x0000023707b47040]
Event: 0.546 Thread 0x000002377fba5ba0 nmethod 1556 0x0000023707b47088 code [0x0000023707b471e0, 0x0000023707b47838]
Event: 0.552 Thread 0x000002377fb9a250 nmethod 1533 0x0000023707b47908 code [0x0000023707b47c00, 0x0000023707b49fb0]

GC Heap History (0 events):
No events

Dll operation events (10 events):
Event: 0.011 Loaded shared library C:\Users\yazee\.jdks\openjdk-24.0.1\bin\java.dll
Event: 0.012 Loaded shared library C:\Users\yazee\.jdks\openjdk-24.0.1\bin\zip.dll
Event: 0.049 Loaded shared library C:\Users\yazee\.jdks\openjdk-24.0.1\bin\jsvml.dll
Event: 0.139 Loaded shared library C:\Users\yazee\.jdks\openjdk-24.0.1\bin\net.dll
Event: 0.141 Loaded shared library C:\Users\yazee\.jdks\openjdk-24.0.1\bin\nio.dll
Event: 0.148 Loaded shared library C:\Users\yazee\.jdks\openjdk-24.0.1\bin\zip.dll
Event: 0.282 Loaded shared library C:\Users\yazee\.jdks\openjdk-24.0.1\bin\instrument.dll
Event: 0.298 Loaded shared library C:\Users\yazee\AppData\Local\JetBrains\IntelliJ IDEA 2024.3\bin\breakgen64.dll
Event: 0.311 Loaded shared library C:\Users\yazee\.jdks\openjdk-24.0.1\bin\extnet.dll
Event: 0.408 Loaded shared library C:\Users\yazee\.jdks\openjdk-24.0.1\bin\jimage.dll

Deoptimization events (20 events):
Event: 0.475 Thread 0x000002377246e600 Uncommon trap: trap_request=0xffffffde fr.pc=0x0000023707b1fc98 relative=0x0000000000000078
Event: 0.475 Thread 0x000002377246e600 Uncommon trap: reason=class_check action=maybe_recompile pc=0x0000023707b1fc98 method=jdk.jfr.FlightRecorderPermission$InternalAccess.getType(Ljava/lang/Object;)Ljdk/jfr/internal/Type; @ 18 c2
Event: 0.475 Thread 0x000002377246e600 DEOPT PACKING pc=0x0000023707b1fc98 sp=0x0000003c85afde50
Event: 0.475 Thread 0x000002377246e600 DEOPT UNPACKING pc=0x0000023707642782 sp=0x0000003c85afdde8 mode 2
Event: 0.486 Thread 0x000002377246e600 Uncommon trap: trap_request=0xffffffcc fr.pc=0x0000023707b32f28 relative=0x00000000000003e8
Event: 0.486 Thread 0x000002377246e600 Uncommon trap: reason=intrinsic_or_type_checked_inlining action=make_not_entrant pc=0x0000023707b32f28 method=java.util.Arrays.copyOf([Ljava/lang/Object;ILjava/lang/Class;)[Ljava/lang/Object; @ 35 c2
Event: 0.486 Thread 0x000002377246e600 DEOPT PACKING pc=0x0000023707b32f28 sp=0x0000003c85afdcb0
Event: 0.486 Thread 0x000002377246e600 DEOPT UNPACKING pc=0x0000023707642782 sp=0x0000003c85afdc68 mode 2
Event: 0.506 Thread 0x000002377246e600 Uncommon trap: trap_request=0xffffff4d fr.pc=0x0000023707ad5374 relative=0x0000000000000154
Event: 0.506 Thread 0x000002377246e600 Uncommon trap: reason=unstable_if action=reinterpret pc=0x0000023707ad5374 method=java.lang.StringLatin1.lastIndexOf([BI[BII)I @ 86 c2
Event: 0.506 Thread 0x000002377246e600 DEOPT PACKING pc=0x0000023707ad5374 sp=0x0000003c85afe2e0
Event: 0.506 Thread 0x000002377246e600 DEOPT UNPACKING pc=0x0000023707642782 sp=0x0000003c85afe248 mode 2
Event: 0.525 Thread 0x000002377246e600 Uncommon trap: trap_request=0xffffff4d fr.pc=0x0000023707b3ef40 relative=0x0000000000000220
Event: 0.525 Thread 0x000002377246e600 Uncommon trap: reason=unstable_if action=reinterpret pc=0x0000023707b3ef40 method=java.io.ByteArrayOutputStream.ensureCapacity(I)V @ 11 c2
Event: 0.525 Thread 0x000002377246e600 DEOPT PACKING pc=0x0000023707b3ef40 sp=0x0000003c85afdfa0
Event: 0.525 Thread 0x000002377246e600 DEOPT UNPACKING pc=0x0000023707642782 sp=0x0000003c85afdee8 mode 2
Event: 0.528 Thread 0x000002377246e600 Uncommon trap: trap_request=0xffffff4d fr.pc=0x0000023707b3f524 relative=0x0000000000000404
Event: 0.528 Thread 0x000002377246e600 Uncommon trap: reason=unstable_if action=reinterpret pc=0x0000023707b3f524 method=java.io.ByteArrayOutputStream.ensureCapacity(I)V @ 11 c2
Event: 0.528 Thread 0x000002377246e600 DEOPT PACKING pc=0x0000023707b3f524 sp=0x0000003c85afdf10
Event: 0.528 Thread 0x000002377246e600 DEOPT UNPACKING pc=0x0000023707642782 sp=0x0000003c85afde00 mode 2

Classes loaded (20 events):
Event: 0.516 Loading class jdk/jfr/internal/MetadataWriter
Event: 0.516 Loading class jdk/jfr/internal/MetadataWriter done
Event: 0.516 Loading class jdk/jfr/internal/MetadataDescriptor$Element
Event: 0.516 Loading class jdk/jfr/internal/MetadataDescriptor$Element done
Event: 0.516 Loading class jdk/jfr/internal/MetadataDescriptor$Attribute
Event: 0.516 Loading class jdk/jfr/internal/MetadataDescriptor$Attribute done
Event: 0.522 Loading class jdk/jfr/internal/consumer/StringParser$Encoding
Event: 0.522 Loading class jdk/jfr/internal/consumer/StringParser$Encoding done
Event: 0.530 Loading class jdk/jfr/internal/consumer/RepositoryFiles
Event: 0.530 Loading class jdk/jfr/internal/consumer/RepositoryFiles done
Event: 0.531 Loading class jdk/jfr/internal/SettingsManager$InternalSetting
Event: 0.532 Loading class jdk/jfr/internal/SettingsManager$InternalSetting done
Event: 0.533 Loading class jdk/jfr/internal/util/Rate
Event: 0.533 Loading class jdk/jfr/internal/util/Rate done
Event: 0.533 Loading class jdk/jfr/internal/util/TimespanUnit
Event: 0.533 Loading class jdk/jfr/internal/util/TimespanUnit done
Event: 0.533 Loading class jdk/jfr/internal/util/ValueParser
Event: 0.533 Loading class jdk/jfr/internal/util/ValueParser done
Event: 0.535 Loading class jdk/jfr/internal/periodic/PeriodicType
Event: 0.535 Loading class jdk/jfr/internal/periodic/PeriodicType done

Classes unloaded (0 events):
No events

Classes redefined (1 events):
Event: 0.319 Thread 0x00000237720e7570 redefined class name=java.lang.Throwable, count=1

Internal exceptions (20 events):
Event: 0.202 Thread 0x000002377246e600 Exception <a 'java/lang/NoSuchMethodError'{0x000000071221eaa0}: 'java.lang.Object java.lang.invoke.DirectMethodHandle$Holder.newInvokeSpecial(java.lang.Object, java.lang.Object, int)'> (0x000000071221eaa0) 
thrown [s\open\src\hotspot\share\interpreter\linkResolver.cpp, line 805]
Event: 0.263 Thread 0x000002377246e600 Exception <a 'java/lang/NoSuchMethodError'{0x0000000711df3258}: 'void java.lang.invoke.DirectMethodHandle$Holder.invokeStatic(java.lang.Object, java.lang.Object)'> (0x0000000711df3258) 
thrown [s\open\src\hotspot\share\interpreter\linkResolver.cpp, line 805]
Event: 0.289 Thread 0x000002377246e600 Exception <a 'java/lang/NoSuchMethodError'{0x0000000711a73ee0}: 'void java.lang.invoke.DirectMethodHandle$Holder.invokeStatic(java.lang.Object, java.lang.Object, java.lang.Object)'> (0x0000000711a73ee0) 
thrown [s\open\src\hotspot\share\interpreter\linkResolver.cpp, line 805]
Event: 0.294 Thread 0x000002377246e600 Exception <a 'java/lang/NoSuchMethodError'{0x0000000711aa7e18}: 'java.lang.Object java.lang.invoke.Invokers$Holder.invokeExact_MT(java.lang.Object, java.lang.Object, java.lang.Object, java.lang.Object, java.lang.Object)'> (0x0000000711aa7e18) 
thrown [s\open\src\hotspot\share\interpreter\linkResolver.cpp, line 805]
Event: 0.309 Thread 0x0000023717866300 Exception <a 'java/lang/NoSuchMethodError'{0x0000000711b32380}: 'java.lang.Object java.lang.invoke.DirectMethodHandle$Holder.invokeStaticInit(java.lang.Object)'> (0x0000000711b32380) 
thrown [s\open\src\hotspot\share\interpreter\linkResolver.cpp, line 805]
Event: 0.327 Thread 0x000002377246e600 Exception <a 'java/lang/NoSuchMethodError'{0x00000007118528f8}: 'java.lang.Object java.lang.invoke.DirectMethodHandle$Holder.invokeStaticInit(java.lang.Object, java.lang.Object, java.lang.Object)'> (0x00000007118528f8) 
thrown [s\open\src\hotspot\share\interpreter\linkResolver.cpp, line 805]
Event: 0.368 Thread 0x000002377246e600 Implicit null exception at 0x0000023707b06956 to 0x0000023707b069ee
Event: 0.368 Thread 0x000002377246e600 Implicit null exception at 0x0000023707aea8a0 to 0x0000023707aea915
Event: 0.375 Thread 0x000002377246e600 Exception <a 'java/lang/NoSuchMethodError'{0x00000007116ecc58}: 'void java.lang.invoke.DirectMethodHandle$Holder.invokeStaticInit(java.lang.Object)'> (0x00000007116ecc58) 
thrown [s\open\src\hotspot\share\interpreter\linkResolver.cpp, line 805]
Event: 0.394 Thread 0x000002377246e600 Exception <a 'java/lang/NoSuchMethodError'{0x000000071140acb0}: 'java.lang.Object java.lang.invoke.DirectMethodHandle$Holder.newInvokeSpecial(java.lang.Object, java.lang.Object, java.lang.Object, java.lang.Object, java.lang.Object)'> (0x000000071140acb0) 
thrown [s\open\src\hotspot\share\interpreter\linkResolver.cpp, line 805]
Event: 0.429 Thread 0x000002377246e600 Exception <a 'java/lang/NoSuchMethodError'{0x00000007115dab30}: 'long java.lang.invoke.DirectMethodHandle$Holder.invokeVirtual(java.lang.Object, java.lang.Object)'> (0x00000007115dab30) 
thrown [s\open\src\hotspot\share\interpreter\linkResolver.cpp, line 805]
Event: 0.430 Thread 0x000002377246e600 Exception <a 'java/lang/NoSuchMethodError'{0x00000007115ebe78}: 'int java.lang.invoke.DirectMethodHandle$Holder.invokeStatic(java.lang.Object, java.lang.Object, java.lang.Object, java.lang.Object)'> (0x00000007115ebe78) 
thrown [s\open\src\hotspot\share\interpreter\linkResolver.cpp, line 805]
Event: 0.466 Thread 0x000002377246e600 Exception <a 'java/lang/NoSuchMethodError'{0x0000000711052930}: 'int java.lang.invoke.DirectMethodHandle$Holder.invokeSpecial(java.lang.Object, java.lang.Object, java.lang.Object)'> (0x0000000711052930) 
thrown [s\open\src\hotspot\share\interpreter\linkResolver.cpp, line 805]
Event: 0.502 Thread 0x000002377246e600 Exception <a 'java/lang/NoSuchMethodError'{0x0000000710e28198}: 'void java.lang.invoke.DirectMethodHandle$Holder.invokeSpecial(java.lang.Object, java.lang.Object, int)'> (0x0000000710e28198) 
thrown [s\open\src\hotspot\share\interpreter\linkResolver.cpp, line 805]
Event: 0.502 Thread 0x000002377246e600 Exception <a 'java/lang/NoSuchMethodError'{0x0000000710e2fdd8}: 'void java.lang.invoke.Invokers$Holder.invokeExact_MT(java.lang.Object, int, java.lang.Object)'> (0x0000000710e2fdd8) 
thrown [s\open\src\hotspot\share\interpreter\linkResolver.cpp, line 805]
Event: 0.503 Thread 0x000002377246e600 Exception <a 'java/lang/NoSuchMethodError'{0x0000000710e4bc90}: 'void java.lang.invoke.DirectMethodHandle$Holder.invokeStatic(java.lang.Object, java.lang.Object, int)'> (0x0000000710e4bc90) 
thrown [s\open\src\hotspot\share\interpreter\linkResolver.cpp, line 805]
Event: 0.505 Thread 0x0000023718ce04c0 Exception <a 'java/lang/NoSuchMethodError'{0x0000000710ef6f70}: 'long java.lang.invoke.DirectMethodHandle$Holder.invokeSpecial(java.lang.Object, java.lang.Object)'> (0x0000000710ef6f70) 
thrown [s\open\src\hotspot\share\interpreter\linkResolver.cpp, line 805]
Event: 0.507 Thread 0x000002377246e600 Exception <a 'sun/nio/fs/WindowsException'{0x0000000710e94298}> (0x0000000710e94298) 
thrown [s\open\src\hotspot\share\prims\jni.cpp, line 518]
Event: 0.510 Thread 0x000002377246e600 Exception <a 'sun/nio/fs/WindowsException'{0x0000000710ea2990}> (0x0000000710ea2990) 
thrown [s\open\src\hotspot\share\prims\jni.cpp, line 518]
Event: 0.513 Thread 0x000002377246e600 Exception <a 'sun/nio/fs/WindowsException'{0x0000000710eb51c8}> (0x0000000710eb51c8) 
thrown [s\open\src\hotspot\share\prims\jni.cpp, line 518]

VM Operations (12 events):
Event: 0.172 Executing VM operation: HandshakeAllThreads (Deoptimize)
Event: 0.172 Executing VM operation: HandshakeAllThreads (Deoptimize) done
Event: 0.256 Executing VM operation: HandshakeAllThreads (Deoptimize)
Event: 0.256 Executing VM operation: HandshakeAllThreads (Deoptimize) done
Event: 0.318 Executing VM operation: RedefineClasses
Event: 0.320 Executing VM operation: RedefineClasses done
Event: 0.390 Executing VM operation: HandshakeAllThreads (Deoptimize)
Event: 0.390 Executing VM operation: HandshakeAllThreads (Deoptimize) done
Event: 0.505 Executing VM operation: HandshakeAllThreads (Deoptimize)
Event: 0.505 Executing VM operation: HandshakeAllThreads (Deoptimize) done
Event: 0.531 Executing VM operation: JFRSafepointClear
Event: 0.531 Executing VM operation: JFRSafepointClear done

Memory protections (0 events):
No events

Nmethod flushes (0 events):
No events

Events (15 events):
Event: 0.015 Thread 0x000002377246e600 Thread added: 0x000002377246e600
Event: 0.046 Thread 0x000002377246e600 Thread added: 0x000002377fb90350
Event: 0.046 Thread 0x000002377246e600 Thread added: 0x00000237720fb8f0
Event: 0.047 Thread 0x000002377246e600 Thread added: 0x000002377fb873a0
Event: 0.047 Thread 0x000002377246e600 Thread added: 0x000002377fb7de20
Event: 0.047 Thread 0x000002377246e600 Thread added: 0x000002377fb80640
Event: 0.047 Thread 0x000002377246e600 Thread added: 0x000002377fb81170
Event: 0.047 Thread 0x000002377246e600 Thread added: 0x000002377fb9a250
Event: 0.047 Thread 0x000002377246e600 Thread added: 0x000002377fba44f0
Event: 0.137 Thread 0x000002377246e600 Thread added: 0x000002377fd82800
Event: 0.161 Thread 0x000002377fba44f0 Thread added: 0x000002377fba5ba0
Event: 0.182 Thread 0x000002377fba44f0 Thread added: 0x000002377fba4c80
Event: 0.299 Thread 0x000002377246e600 Thread added: 0x0000023717866300
Event: 0.374 Thread 0x000002377246e600 Thread added: 0x0000023718af41d0
Event: 0.504 Thread 0x000002377246e600 Thread added: 0x0000023718ce04c0


Dynamic libraries:
0x00007ff70ffc0000 - 0x00007ff70ffce000 	C:\Users\yazee\.jdks\openjdk-24.0.1\bin\java.exe
0x00007ffdc2b20000 - 0x00007ffdc2d86000 	C:\WINDOWS\SYSTEM32\ntdll.dll
0x00007ffdc1930000 - 0x00007ffdc19f9000 	C:\WINDOWS\System32\KERNEL32.DLL
0x00007ffdbfe10000 - 0x00007ffdc01dc000 	C:\WINDOWS\System32\KERNELBASE.dll
0x00007ffdc0390000 - 0x00007ffdc04db000 	C:\WINDOWS\System32\ucrtbase.dll
0x00007ffdaf9d0000 - 0x00007ffdaf9e6000 	C:\Users\yazee\.jdks\openjdk-24.0.1\bin\jli.dll
0x00007ffdaf9b0000 - 0x00007ffdaf9cb000 	C:\Users\yazee\.jdks\openjdk-24.0.1\bin\VCRUNTIME140.dll
0x00007ffdc1090000 - 0x00007ffdc125a000 	C:\WINDOWS\System32\USER32.dll
0x00007ffda22a0000 - 0x00007ffda253a000 	C:\WINDOWS\WinSxS\amd64_microsoft.windows.common-controls_6595b64144ccf1df_6.0.26100.3912_none_3e07963ce335137e\COMCTL32.dll
0x00007ffdc0360000 - 0x00007ffdc0387000 	C:\WINDOWS\System32\win32u.dll
0x00007ffdc0ba0000 - 0x00007ffdc0bcb000 	C:\WINDOWS\System32\GDI32.dll
0x00007ffdc14f0000 - 0x00007ffdc1599000 	C:\WINDOWS\System32\msvcrt.dll
0x00007ffdc04e0000 - 0x00007ffdc0612000 	C:\WINDOWS\System32\gdi32full.dll
0x00007ffdc0620000 - 0x00007ffdc06c3000 	C:\WINDOWS\System32\msvcp_win.dll
0x00007ffdc2860000 - 0x00007ffdc2890000 	C:\WINDOWS\System32\IMM32.DLL
0x00007ffdaf840000 - 0x00007ffdaf84c000 	C:\Users\yazee\.jdks\openjdk-24.0.1\bin\vcruntime140_1.dll
0x00007ffd98d20000 - 0x00007ffd98dae000 	C:\Users\yazee\.jdks\openjdk-24.0.1\bin\msvcp140.dll
0x00007ffd5daf0000 - 0x00007ffd5e892000 	C:\Users\yazee\.jdks\openjdk-24.0.1\bin\server\jvm.dll
0x00007ffdc28a0000 - 0x00007ffdc2952000 	C:\WINDOWS\System32\ADVAPI32.dll
0x00007ffdc2080000 - 0x00007ffdc2126000 	C:\WINDOWS\System32\sechost.dll
0x00007ffdc0d90000 - 0x00007ffdc0ea6000 	C:\WINDOWS\System32\RPCRT4.dll
0x00007ffdc0950000 - 0x00007ffdc09c4000 	C:\WINDOWS\System32\WS2_32.dll
0x00007ffdbe8b0000 - 0x00007ffdbe90e000 	C:\WINDOWS\SYSTEM32\POWRPROF.dll
0x00007ffdb8c50000 - 0x00007ffdb8c5b000 	C:\WINDOWS\SYSTEM32\VERSION.dll
0x00007ffdae440000 - 0x00007ffdae476000 	C:\WINDOWS\SYSTEM32\WINMM.dll
0x00007ffdbe890000 - 0x00007ffdbe8a4000 	C:\WINDOWS\SYSTEM32\UMPDC.dll
0x00007ffdbeb70000 - 0x00007ffdbeb8a000 	C:\WINDOWS\SYSTEM32\kernel.appcore.dll
0x00007ffdaf830000 - 0x00007ffdaf83a000 	C:\Users\yazee\.jdks\openjdk-24.0.1\bin\jimage.dll
0x00007ffdad8c0000 - 0x00007ffdadb01000 	C:\WINDOWS\SYSTEM32\DBGHELP.DLL
0x00007ffdc15a0000 - 0x00007ffdc1924000 	C:\WINDOWS\System32\combase.dll
0x00007ffdc1a70000 - 0x00007ffdc1b50000 	C:\WINDOWS\System32\OLEAUT32.dll
0x00007ffda38e0000 - 0x00007ffda3919000 	C:\WINDOWS\SYSTEM32\dbgcore.DLL
0x00007ffdbfcb0000 - 0x00007ffdbfd49000 	C:\WINDOWS\System32\bcryptPrimitives.dll
0x00007ffdaf4c0000 - 0x00007ffdaf4cf000 	C:\Users\yazee\.jdks\openjdk-24.0.1\bin\instrument.dll
0x00007ffdaf4d0000 - 0x00007ffdaf4ee000 	C:\Users\yazee\.jdks\openjdk-24.0.1\bin\java.dll
0x00007ffdc09f0000 - 0x00007ffdc0b8f000 	C:\WINDOWS\System32\ole32.dll
0x00007ffdc2130000 - 0x00007ffdc285d000 	C:\WINDOWS\System32\SHELL32.dll
0x00007ffdc01e0000 - 0x00007ffdc0354000 	C:\WINDOWS\System32\wintypes.dll
0x00007ffd5c8d0000 - 0x00007ffd5cade000 	C:\Users\yazee\AppData\Local\Temp\idea_libasyncProfiler_dll_temp_folder11\libasyncProfiler.dll
0x00007ffdaac00000 - 0x00007ffdaac17000 	C:\Users\yazee\.jdks\openjdk-24.0.1\bin\zip.dll
0x00007ffdbd920000 - 0x00007ffdbe176000 	C:\WINDOWS\SYSTEM32\windows.storage.dll
0x00007ffdc2960000 - 0x00007ffdc2a4f000 	C:\WINDOWS\System32\SHCORE.dll
0x00007ffdc08e0000 - 0x00007ffdc0949000 	C:\WINDOWS\System32\shlwapi.dll
0x00007ffdbfbc0000 - 0x00007ffdbfbef000 	C:\WINDOWS\SYSTEM32\profapi.dll
0x00007ffd62a40000 - 0x00007ffd62b17000 	C:\Users\yazee\.jdks\openjdk-24.0.1\bin\jsvml.dll
0x00007ffdaf7b0000 - 0x00007ffdaf7c0000 	C:\Users\yazee\.jdks\openjdk-24.0.1\bin\net.dll
0x00007ffdbf100000 - 0x00007ffdbf16a000 	C:\WINDOWS\system32\mswsock.dll
0x00007ffdaac20000 - 0x00007ffdaac36000 	C:\Users\yazee\.jdks\openjdk-24.0.1\bin\nio.dll
0x00007ffd987e0000 - 0x00007ffd987fa000 	C:\Users\yazee\AppData\Local\JetBrains\IntelliJ IDEA 2024.3\bin\breakgen64.dll
0x00007ffda6040000 - 0x00007ffda6049000 	C:\Users\yazee\.jdks\openjdk-24.0.1\bin\extnet.dll

JVMTI agents:
C:\Users\yazee\AppData\Local\JetBrains\IntelliJ IDEA 2024.3\lib\idea_rt.jar path:C:\Users\yazee\.jdks\openjdk-24.0.1\bin\instrument.dll, loaded, initialized, instrumentlib options:61521:C:\Users\yazee\AppData\Local\JetBrains\IntelliJ IDEA 2024.3\bin
C:\Users\yazee\AppData\Local\JetBrains\IntelliJIdea2024.3\captureAgent\debugger-agent.jar path:C:\Users\yazee\.jdks\openjdk-24.0.1\bin\instrument.dll, loaded, initialized, instrumentlib options:none
C:\Users\yazee\AppData\Local\Temp\idea_libasyncProfiler_dll_temp_folder11\libasyncProfiler.dll path:C:\Users\yazee\AppData\Local\Temp\idea_libasyncProfiler_dll_temp_folder11\libasyncProfiler.dll, loaded, initialized, options:start,jfr,event=wall,interval=10ms,jfrsync=profile,cstack=no,file=C:\Users\yazee\IdeaSnapshots\org_example_ahmad_project_in_Ahmad_Project_2025_05_22_222040.jfr,dbghelppath=C:\Users\yazee\AppData\Local\Temp\idea_dbghelp_dll_temp_folder\dbghelp.dll,log=C:\Users\yazee\AppData\Local\Temp\org_example_ahmad_project_in_Ahmad_Project_2025_05_22_222040.jfr.log.txt,logLevel=DEBUG

dbghelp: loaded successfully - version: 4.0.5 - missing functions: none
symbol engine: initialized successfully - sym options: 0x614 - pdb path: .;C:\Users\yazee\.jdks\openjdk-24.0.1\bin;C:\WINDOWS\SYSTEM32;C:\WINDOWS\WinSxS\amd64_microsoft.windows.common-controls_6595b64144ccf1df_6.0.26100.3912_none_3e07963ce335137e;C:\Users\yazee\.jdks\openjdk-24.0.1\bin\server;C:\Users\yazee\AppData\Local\Temp\idea_libasyncProfiler_dll_temp_folder11;C:\Users\yazee\AppData\Local\JetBrains\IntelliJ IDEA 2024.3\bin

VM Arguments:
jvm_args: -ea -Didea.test.cyclic.buffer.size=1048576 -javaagent:C:\Users\yazee\AppData\Local\JetBrains\IntelliJ IDEA 2024.3\lib\idea_rt.jar=61521:C:\Users\yazee\AppData\Local\JetBrains\IntelliJ IDEA 2024.3\bin -javaagent:C:\Users\yazee\AppData\Local\JetBrains\IntelliJIdea2024.3\captureAgent\debugger-agent.jar -Dkotlinx.coroutines.debug.enable.creation.stack.trace=false -Ddebugger.agent.enable.coroutines=true -Dkotlinx.coroutines.debug.enable.flows.stack.trace=true -Dkotlinx.coroutines.debug.enable.mutable.state.flows.stack.trace=true --patch-module=com.example.cooking_proj=C:/Users/yazee/OneDrive/Desktop/Coking-proj/target/test-classes --add-reads=com.example.cooking_proj=ALL-UNNAMED --add-opens=com.example.cooking_proj/org.example.ahmad_project=ALL-UNNAMED --add-modules=com.example.cooking_proj -agentpath:C:\Users\yazee\AppData\Local\Temp\idea_libasyncProfiler_dll_temp_folder11\libasyncProfiler.dll=start,jfr,event=wall,interval=10ms,jfrsync=profile,cstack=no,file=C:\Users\yazee\IdeaSnapshots\org_example_ahmad_project_in_Ahmad_Project_2025_05_22_222040.jfr,dbghelppath=C:\Users\yazee\AppData\Local\Temp\idea_dbghelp_dll_temp_folder\dbghelp.dll,log=C:\Users\yazee\AppData\Local\Temp\org_example_ahmad_project_in_Ahmad_Project_2025_05_22_222040.jfr.log.txt,logLevel=DEBUG -Dfile.encoding=UTF-8 -Dsun.stdout.encoding=UTF-8 -Dsun.stderr.encoding=UTF-8 --module-path=C:\Users\yazee\.m2\repository\org\controlsfx\controlsfx\11.2.1\controlsfx-11.2.1.jar;C:\Users\yazee\.m2\repository\org\openjfx\javafx-swing\17.0.6\javafx-swing-17.0.6-win.jar;C:\Users\yazee\.m2\repository\com\github\almasb\fxgl-core\17.3\fxgl-core-17.3.jar;C:\Users\yazee\.m2\repository\org\openjfx\javafx-fxml\17.0.6\javafx-fxml-17.0.6-win.jar;C:\Users\yazee\.m2\repository\com\fasterxml\jackson\core\jackson-databind\2.14.2\jackson-databind-2.14.2.jar;C:\Users\yazee\.m2\repository\eu\hansolo\fx\heatmap\21.0.3\heatmap-21.0.3.jar;C:\Users\yazee\OneDrive\Desktop\Coking-proj\target\classes;C:\Users\yazee\.m2\repository\com\dlsc\formsfx\formsfx-core\11.6.0\formsfx-core-11.6.0.jar;C:\Users\yazee\.m2\repository\com\gluonhq\attach\audio\4.0.17\audio-4.0.17.jar;C:\Users\yazee\.m2\repository\com\github\almasb\fxgl-entity\17.3\fxgl-entity-17.3.jar;C:\Users\yazee\.m2\repository\com\github\almasb\fxgl-scene\17.3\fxgl-scene-17.3.jar;C:\Users\yazee\.m2\repository\org\openjfx\javafx-controls\17.0.6\javafx-controls-17.0.6-win.jar;C:\Users\yazee\.m2\repository\org\openjfx\javafx-graphics\17.0.6\javafx-graphics-17.0.6-win.jar;C:\Users\yazee\.m2\repository\com\gluonhq\attach\util\4.0.17\util-4.0.17.jar;C:\Users\yazee\.m2\repository\net\synedra\validatorfx\0.5.0\validatorfx-0.5.0.jar;C:\Users\yazee\.m2\repository\org\openjfx\javafx-base\17.0.6\javafx-base-17.0.6-win.jar;C:\Users\yazee\.m2\repository\com\gluonhq\attach\lifecycle\4.0.17\lifecycle-4.0.17.jar;C:\Users\yazee\.m2\repository\com\github\almasb\fxgl-io\17.3\fxgl-io-17.3.jar;C:\Users\yazee\.m2\repository\eu\hansolo\toolboxfx\21.0.3\toolboxfx-21.0.3.jar;C:\Users\yazee\.m2\repository\eu\hansolo\toolbox\21.0.5\toolbox-21.0.5.jar;C:\Users\yazee\.m2\repository\com\github\almasb\fxgl-gameplay\17.3\fxgl-gameplay-17.3.jar;C:\Users\yazee\.m2\repository\eu\hansolo\fx\countries\21.0.3\countries-21.0.3.jar;C:\Users\yazee\.m2\repository\eu\hansolo\tilesfx\21.0.3\tilesfx-21.0.3.jar;C:\Users\yazee\.m2\repository\com\fasterxml\jacks
java_command: com.intellij.rt.junit.JUnitStarter -ideVersion5 -junit5 @w@C:\Users\yazee\AppData\Local\Temp\idea_working_dirs_junit.tmp @C:\Users\yazee\AppData\Local\Temp\idea_junit.tmp -socket61520
java_class_path (initial): C:\Users\yazee\.m2\repository\org\junit\platform\junit-platform-launcher\1.10.2\junit-platform-launcher-1.10.2.jar;C:\Users\yazee\.m2\repository\org\junit\vintage\junit-vintage-engine\5.10.2\junit-vintage-engine-5.10.2.jar;C:\Users\yazee\AppData\Local\JetBrains\IntelliJ IDEA 2024.3\lib\idea_rt.jar;C:\Users\yazee\AppData\Local\JetBrains\IntelliJ IDEA 2024.3\plugins\junit\lib\junit5-rt.jar;C:\Users\yazee\AppData\Local\JetBrains\IntelliJ IDEA 2024.3\plugins\junit\lib\junit-rt.jar;C:\Users\yazee\OneDrive\Desktop\Coking-proj\target\test-classes;C:\Users\yazee\.m2\repository\org\openjfx\javafx-controls\17.0.6\javafx-controls-17.0.6.jar;C:\Users\yazee\.m2\repository\org\openjfx\javafx-graphics\17.0.6\javafx-graphics-17.0.6.jar;C:\Users\yazee\.m2\repository\org\openjfx\javafx-base\17.0.6\javafx-base-17.0.6.jar;C:\Users\yazee\.m2\repository\org\openjfx\javafx-fxml\17.0.6\javafx-fxml-17.0.6.jar;C:\Users\yazee\.m2\repository\org\openjfx\javafx-web\17.0.6\javafx-web-17.0.6.jar;C:\Users\yazee\.m2\repository\org\openjfx\javafx-swing\17.0.6\javafx-swing-17.0.6.jar;C:\Users\yazee\.m2\repository\org\openjfx\javafx-media\17.0.6\javafx-media-17.0.6.jar;C:\Users\yazee\.m2\repository\org\jetbrains\kotlin\kotlin-stdlib-common\1.8.10\kotlin-stdlib-common-1.8.10.jar;C:\Users\yazee\.m2\repository\org\jetbrains\annotations\13.0\annotations-13.0.jar;C:\Users\yazee\.m2\repository\org\junit\jupiter\junit-jupiter-api\5.10.2\junit-jupiter-api-5.10.2.jar;C:\Users\yazee\.m2\repository\org\opentest4j\opentest4j\1.3.0\opentest4j-1.3.0.jar;C:\Users\yazee\.m2\repository\org\junit\platform\junit-platform-commons\1.10.2\junit-platform-commons-1.10.2.jar;C:\Users\yazee\.m2\repository\org\apiguardian\apiguardian-api\1.1.2\apiguardian-api-1.1.2.jar;C:\Users\yazee\.m2\repository\org\junit\jupiter\junit-jupiter-engine\5.10.2\junit-jupiter-engine-5.10.2.jar;C:\Users\yazee\.m2\repository\org\junit\platform\junit-platform-engine\1.10.2\junit-platform-engine-1.10.2.jar;C:\Users\yazee\.m2\repository\io\cucumber\cucumber-picocontainer\7.21.1\cucumber-picocontainer-7.21.1.jar;C:\Users\yazee\.m2\repository\org\picocontainer\picocontainer\2.15\picocontainer-2.15.jar;C:\Users\yazee\.m2\repository\io\cucumber\cucumber-java\7.21.1\cucumber-java-7.21.1.jar;C:\Users\yazee\.m2\repository\io\cucumber\cucumber-core\7.21.1\cucumber-core-7.21.1.jar;C:\Users\yazee\.m2\repository\io\cucumber\cucumber-gherkin\7.21.1\cucumber-gherkin-7.21.1.jar;C:\Users\yazee\.m2\repository\io\cucumber\cucumber-gherkin-messages\7.21.1\cucumber-gherkin-messages-7.21.1.jar;C:\Users\yazee\.m2\repository\io\cucumber\gherkin\31.0.0\gherkin-31.0.0.jar;C:\Users\yazee\.m2\repository\io\cucumber\messages\27.2.0\messages-27.2.0.jar;C:\Users\yazee\.m2\repository\io\cucumber\testng-xml-formatter\0.3.1\testng-xml-formatter-0.3.1.jar;C:\Users\yazee\.m2\repository\io\cucumber\query\13.2.0\query-13.2.0.jar;C:\Users\yazee\.m2\repository\io\cucumber\tag-expressions\6.1.2\tag-expressions-6.1.2.jar;C:\Users\yazee\.m2\repository\io\cucumber\cucumber-expressions\18.0.1\cucumber-expressions-18.0.1.jar;C:\Users\yazee\.m2\repository\io\cucumber\datatable\7.21.1\datatable-7.21.1.jar;C:\Users\yazee\.m2\repository\io\cucumber\cucumber-plugin\7.21.1\cucumber-plugin-7.21.1.jar;C:\Users\yazee\.m2\repository\io\cucumber\docstring\7.21.1\docstring-7.21.1.jar;C:\Users\yazee\.m2\repository\io\cucumber\html-formatter\21.9.0\html-formatter-21.9.0.jar;C:\Users\yazee\.m2\repository\io\cucumber\junit-xml-formatter\0.7.1\junit-xml-formatter-0.7.1.jar;C:\Users\yazee\.m2\repository\io\cucumber\ci-environment\10.0.1\ci-environment-10.0.1.jar;C:\Users\yazee\.m2\repository\io\cucumber\cucumber-junit\7.21.1\cucumber-junit-7.21.1.jar;C:\Users\yazee\.m2\repository\junit\junit\4.13.2\junit-4.13.2.jar;C:\Users\yazee\.m2\repository\org\hamcrest\hamcrest-core\1.3\hamcrest-core-1.3.jar
Launcher Type: SUN_STANDARD

[Global flags]
     intx CICompilerCount                          = 4                                         {product} {ergonomic}
     uint ConcGCThreads                            = 3                                         {product} {ergonomic}
     bool FlightRecorder                           = true                                      {product} {management}
     uint G1ConcRefinementThreads                  = 10                                        {product} {ergonomic}
   size_t G1HeapRegionSize                         = 2097152                                   {product} {ergonomic}
   size_t InitialHeapSize                          = 266338304                                 {product} {ergonomic}
   size_t MarkStackSize                            = 4194304                                   {product} {ergonomic}
   size_t MarkStackSizeMax                         = 536870912                                 {product} {ergonomic}
   size_t MaxHeapSize                              = 4248829952                                {product} {ergonomic}
   size_t MaxNewSize                               = 2548039680                                {product} {ergonomic}
   size_t MinHeapDeltaBytes                        = 2097152                                   {product} {ergonomic}
   size_t MinHeapSize                              = 8388608                                   {product} {ergonomic}
    uintx NonNMethodCodeHeapSize                   = 5832704                                {pd product} {ergonomic}
    uintx NonProfiledCodeHeapSize                  = 122945536                              {pd product} {ergonomic}
    uintx ProfiledCodeHeapSize                     = 122880000                              {pd product} {ergonomic}
    uintx ReservedCodeCacheSize                    = 251658240                              {pd product} {ergonomic}
     bool SegmentedCodeCache                       = true                                      {product} {ergonomic}
   size_t SoftMaxHeapSize                          = 4248829952                             {manageable} {ergonomic}
     bool UseCompressedOops                        = true                           {product lp64_product} {ergonomic}
     bool UseG1GC                                  = true                                      {product} {ergonomic}
     bool UseLargePagesIndividualAllocation        = false                                  {pd product} {ergonomic}

Logging:
Log output configuration:
 #0: stdout all=warning uptime,level,tags foldmultilines=false
 #1: stderr all=off uptime,level,tags foldmultilines=false

Environment Variables:
PATH=C:\Program Files (x86)\Common Files\Oracle\Java\java8path;C:\Program Files (x86)\Common Files\Oracle\Java\javapath;C:\Windows\system32;C:\Windows;C:\Windows\System32\Wbem;C:\Windows\System32\WindowsPowerShell\v1.0\;C:\Windows\System32\OpenSSH\;C:\Program Files (x86)\NVIDIA Corporation\PhysX\Common;C:\Program Files\NVIDIA Corporation\NVIDIA NvDLISR;C:\WINDOWS\system32;C:\WINDOWS;C:\WINDOWS\System32\Wbem;C:\WINDOWS\System32\WindowsPowerShell\v1.0\;C:\WINDOWS\System32\OpenSSH\;C:\Program Files\Git\cmd;C:\Program Files (x86)\Windows Kits\10\Windows Performance Toolkit\;C:\Program Files\CMake\bin;C:\Program Files\dotnet\;C:\Program Files (x86)\IVI Foundation\VISA\WinNT\Bin\;C:\Program Files\IVI Foundation\VISA\Win64\Bin\;C:\Program Files (x86)\National Instruments\Shared\LabVIEW CLI;C:\Program Files (x86)\IVI Foundation\IVI\Bin\;C:\Program Files\IVI Foundation\IVI\Bin\;C:\Program Files (x86)\IVI Foundation\VISA\WinNT\Bin;D:\bin;C:\Program Files\nodejs\;C:\Users\yazee\AppData\Local\Programs\Python\Launcher\;C:\Users\yazee\AppData\Local\Microsoft\WindowsApps;D:\Microsoft VS Code\bin;C:\msys64\ucrt64\bin;C:\Users\yazee\Desktop\opencv\build\x64\vc16\bin;C:\Program Files\CMake\bin;C:\opt\opencv\build\x64\vc16\bin;C:\opt\opencv\build\x64\vc16\lib;C:\Users\yazee\AppData\Roaming\npm;C:\Users\yazee\Anaconda3\Library\bin\;C:\Users\yazee\Anaconda3\Scripts\;C:\Users\yazee\Anaconda3\condabin\;
USERNAME=yazee
OS=Windows_NT
PROCESSOR_IDENTIFIER=Intel64 Family 6 Model 165 Stepping 2, GenuineIntel
TMP=C:\Users\yazee\AppData\Local\Temp
TEMP=C:\Users\yazee\AppData\Local\Temp




Periodic native trim disabled

---------------  S Y S T E M  ---------------

OS:
 Windows 11 , 64 bit Build 26100 (10.0.26100.3912)
OS uptime: 0 days 11:51 hours
Hyper-V role detected

CPU: total 12 (initial active 12) (6 cores per cpu, 2 threads per core) family 6 model 165 stepping 2 microcode 0xe2, cx8, cmov, fxsr, ht, mmx, 3dnowpref, sse, sse2, sse3, ssse3, sse4.1, sse4.2, popcnt, lzcnt, tsc, tscinvbit, avx, avx2, aes, erms, clmul, bmi1, bmi2, adx, fma, vzeroupper, clflush, clflushopt, hv, rdtscp, f16c
Processor Information for the first 12 processors :
  Max Mhz: 2496, Current Mhz: 2496, Mhz Limit: 2496

Memory: 4k page, system-wide physical 16205M (4890M free)
TotalPageFile size 17229M (AvailPageFile size 1869M)
current process WorkingSet (physical memory assigned to process): 91M, peak: 91M
current process commit charge ("private bytes"): 387M, peak: 390M

vm_info: OpenJDK 64-Bit Server VM (24.0.1+9-30) for windows-amd64 JRE (24.0.1+9-30), built on 2025-03-05T07:23:45Z with MS VC++ 17.6 (VS2022)

END.
