#
# A fatal error has been detected by the Java Runtime Environment:
#
#  EXCEPTION_ACCESS_VIOLATION (0xc0000005) at pc=0x00007ffd5c963004, pid=20560, tid=22884
#
# JRE version: OpenJDK Runtime Environment (24.0.1+9) (build 24.0.1+9-30)
# Java VM: OpenJDK 64-Bit Server VM (24.0.1+9-30, mixed mode, tiered, compressed oops, compressed class ptrs, g1 gc, windows-amd64)
# Problematic frame:
# C  [libasyncProfiler.dll+0x93004]
#
# No core dump will be written. Minidumps are not enabled by default on client versions of Windows
#
# JFR recording file will be written. Location: C:\Users\yazee\OneDrive\Desktop\Coking-proj\hs_err_pid20560.jfr
#
# If you would like to submit a bug report, please visit:
#   https://bugreport.java.com/bugreport/crash.jsp
# The crash happened outside the Java Virtual Machine in native code.
# See problematic frame for where to report the bug.
#

---------------  S U M M A R Y ------------

Command Line: -ea -Didea.test.cyclic.buffer.size=1048576 -javaagent:C:\Users\yazee\AppData\Local\JetBrains\IntelliJ IDEA 2024.3\lib\idea_rt.jar=61144:C:\Users\yazee\AppData\Local\JetBrains\IntelliJ IDEA 2024.3\bin -javaagent:C:\Users\yazee\AppData\Local\JetBrains\IntelliJIdea2024.3\captureAgent\debugger-agent.jar -Dkotlinx.coroutines.debug.enable.creation.stack.trace=false -Ddebugger.agent.enable.coroutines=true -Dkotlinx.coroutines.debug.enable.flows.stack.trace=true -Dkotlinx.coroutines.debug.enable.mutable.state.flows.stack.trace=true --patch-module=com.example.cooking_proj=C:/Users/yazee/OneDrive/Desktop/Coking-proj/target/test-classes --add-reads=com.example.cooking_proj=ALL-UNNAMED --add-opens=com.example.cooking_proj/org.example.ahmad_project=ALL-UNNAMED --add-modules=com.example.cooking_proj -agentpath:C:\Users\yazee\AppData\Local\Temp\idea_libasyncProfiler_dll_temp_folder11\libasyncProfiler.dll=start,jfr,event=wall,interval=10ms,jfrsync=profile,cstack=no,file=C:\Users\yazee\IdeaSnapshots\org_example_ahmad_project_in_Ahmad_Project_2025_05_22_221657.jfr,dbghelppath=C:\Users\yazee\AppData\Local\Temp\idea_dbghelp_dll_temp_folder\dbghelp.dll,log=C:\Users\yazee\AppData\Local\Temp\org_example_ahmad_project_in_Ahmad_Project_2025_05_22_221657.jfr.log.txt,logLevel=DEBUG -Dfile.encoding=UTF-8 -Dsun.stdout.encoding=UTF-8 -Dsun.stderr.encoding=UTF-8 --module-path=C:\Users\yazee\.m2\repository\org\controlsfx\controlsfx\11.2.1\controlsfx-11.2.1.jar;C:\Users\yazee\.m2\repository\org\openjfx\javafx-swing\17.0.6\javafx-swing-17.0.6-win.jar;C:\Users\yazee\.m2\repository\com\github\almasb\fxgl-core\17.3\fxgl-core-17.3.jar;C:\Users\yazee\.m2\repository\org\openjfx\javafx-fxml\17.0.6\javafx-fxml-17.0.6-win.jar;C:\Users\yazee\.m2\repository\com\fasterxml\jackson\core\jackson-databind\2.14.2\jackson-databind-2.14.2.jar;C:\Users\yazee\.m2\repository\eu\hansolo\fx\heatmap\21.0.3\heatmap-21.0.3.jar;C:\Users\yazee\OneDrive\Desktop\Coking-proj\target\classes;C:\Users\yazee\.m2\repository\com\dlsc\formsfx\formsfx-core\11.6.0\formsfx-core-11.6.0.jar;C:\Users\yazee\.m2\repository\com\gluonhq\attach\audio\4.0.17\audio-4.0.17.jar;C:\Users\yazee\.m2\repository\com\github\almasb\fxgl-entity\17.3\fxgl-entity-17.3.jar;C:\Users\yazee\.m2\repository\com\github\almasb\fxgl-scene\17.3\fxgl-scene-17.3.jar;C:\Users\yazee\.m2\repository\org\openjfx\javafx-controls\17.0.6\javafx-controls-17.0.6-win.jar;C:\Users\yazee\.m2\repository\org\openjfx\javafx-graphics\17.0.6\javafx-graphics-17.0.6-win.jar;C:\Users\yazee\.m2\repository\com\gluonhq\attach\util\4.0.17\util-4.0.17.jar;C:\Users\yazee\.m2\repository\net\synedra\validatorfx\0.5.0\validatorfx-0.5.0.jar;C:\Users\yazee\.m2\repository\org\openjfx\javafx-base\17.0.6\javafx-base-17.0.6-win.jar;C:\Users\yazee\.m2\repository\com\gluonhq\attach\lifecycle\4.0.17\lifecycle-4.0.17.jar;C:\Users\yazee\.m2\repository\com\github\almasb\fxgl-io\17.3\fxgl-io-17.3.jar;C:\Users\yazee\.m2\repository\eu\hansolo\toolboxfx\21.0.3\toolboxfx-21.0.3.jar;C:\Users\yazee\.m2\repository\eu\hansolo\toolbox\21.0.5\toolbox-21.0.5.jar;C:\Users\yazee\.m2\repository\com\github\almasb\fxgl-gameplay\17.3\fxgl-gameplay-17.3.jar;C:\Users\yazee\.m2\repository\eu\hansolo\fx\countries\21.0.3\countries-21.0.3.jar;C:\Users\yazee\.m2\repository\eu\hansolo\tilesfx\21.0.3\tilesfx-21.0.3.jar;C:\Users\yazee\.m2\repository\com\fasterxml\jackscom.intellij.rt.junit.JUnitStarter -ideVersion5 -junit5 @w@C:\Users\yazee\AppData\Local\Temp\idea_working_dirs_junit.tmp @C:\Users\yazee\AppData\Local\Temp\idea_junit.tmp -socket61143

Host: Intel(R) Core(TM) i5-10500H CPU @ 2.50GHz, 12 cores, 15G,  Windows 11 , 64 bit Build 26100 (10.0.26100.3912)
Time: Thu May 22 22:16:58 2025 West Bank Gaza Standard Time elapsed time: 0.645529 seconds (0d 0h 0m 0s)

---------------  T H R E A D  ---------------

Current thread (0x000002285a6f4ac0):  JavaThread "main"             [_thread_in_native, id=22884, stack(0x000000bca3d00000,0x000000bca3e00000) (1024K)]

Stack: [0x000000bca3d00000,0x000000bca3e00000],  sp=0x000000bca3dfeb80,  free space=1018k
Native frames: (J=compiled Java code, j=interpreted, Vv=VM code, C=native code)
C  [libasyncProfiler.dll+0x93004]  (no source info available)
C  [libasyncProfiler.dll+0x934db]  (no source info available)
C  [libasyncProfiler.dll+0x92134]  (no source info available)
C  [libasyncProfiler.dll+0x929aa]  (no source info available)
C  [libasyncProfiler.dll+0x8d561]  (no source info available)
C  [libasyncProfiler.dll+0x7ef21]  (no source info available)
C  [libasyncProfiler.dll+0x7dc38]  (no source info available)
C  [libasyncProfiler.dll+0x7db20]  (no source info available)
C  [libasyncProfiler.dll+0x83c3c]  (no source info available)
V  [jvm.dll+0x5e38de]  (no source info available)
V  [jvm.dll+0x886056]  (no source info available)
V  [jvm.dll+0x495f3e]  (no source info available)
V  [jvm.dll+0x497d11]  (no source info available)
C  [jli.dll+0x52a1]  (no source info available)
C  [ucrtbase.dll+0x37b0]  (no source info available)
C  [KERNEL32.DLL+0x2e8d7]  (no source info available)
C  [ntdll.dll+0x9c5dc]  (no source info available)


siginfo: EXCEPTION_ACCESS_VIOLATION (0xc0000005), reading address 0xffffffffffffffff


Registers:
RAX=0x0000000000000010, RBX=0x0000000000000000, RCX=0xffffffffffffffff, RDX=0x007ffd5e54300010
RSP=0x000000bca3dfeb80, RBP=0x0000022804919530, RSI=0x000000bca3dfecf0, RDI=0x0000022804919530
R8 =0x0000000000000042, R9 =0x00000007128082e0, R10=0x00007ffd5e7b9fb0, R11=0x0000000000000004
R12=0x000000bca3dfecf0, R13=0x000002285ab3b7f0, R14=0x000002285a6f4e88, R15=0x000002285a6f4e88
RIP=0x00007ffd5c963004, EFLAGS=0x0000000000010202

XMM[0]=0x0000000000000000 0x0000000000000000
XMM[1]=0x0000000000000000 0x0000000000000000
XMM[2]=0x0000000000000000 0x0000000000000000
XMM[3]=0x0000000000000000 0x0000000000000000
XMM[4]=0x0000000000000000 0x0000000000000000
XMM[5]=0x0000000000000000 0x0000000000000000
XMM[6]=0x0000000000000000 0x0000000000000000
XMM[7]=0x0000000000000000 0x0000000000000000
XMM[8]=0x0000000000000000 0x0000000000000000
XMM[9]=0x0000000000000000 0x0000000000000000
XMM[10]=0x0000000000000000 0x0000000000000000
XMM[11]=0x0000000000000000 0x0000000000000000
XMM[12]=0x0000000000000000 0x0000000000000000
XMM[13]=0x0000000000000000 0x0000000000000000
XMM[14]=0x0000000000000000 0x0000000000000000
XMM[15]=0x0000000000000000 0x0000000000000000
  MXCSR=0x00001fa0


Register to memory mapping:

RAX=0x0000000000000010 is an unknown value
RBX=0x0 is null
RCX=0xffffffffffffffff is an unknown value
RDX=0x007ffd5e54300010 is an unknown value
RSP=0x000000bca3dfeb80 is pointing into the stack for thread: 0x000002285a6f4ac0
RBP=0x0000022804919530 points into unknown readable memory: 0x00000007128082e0 | e0 82 80 12 07 00 00 00
RSI=0x000000bca3dfecf0 is pointing into the stack for thread: 0x000002285a6f4ac0
RDI=0x0000022804919530 points into unknown readable memory: 0x00000007128082e0 | e0 82 80 12 07 00 00 00
R8 =0x0000000000000042 is an unknown value
R9 =0x00000007128082e0 is an oop: java.lang.Thread 
{0x00000007128082e0} - klass: 'java/lang/Thread' - flags: 

 - ---- fields (total size 14 words):
 - 'threadLocalRandomProbe' 'I' @12  0 (0x00000000)
 - private volatile 'eetop' 'J' @16  2372339190464 (0x000002285a6f4ac0)
 - private final 'tid' 'J' @24  3 (0x0000000000000003)
 - 'threadLocalRandomSeed' 'J' @32  0 (0x0000000000000000)
 - injected 'jvmti_thread_state' 'J' @40  2372889555872 (0x000002287b3d33a0)
 - 'threadLocalRandomSecondarySeed' 'I' @48  0 (0x00000000)
 - injected 'jvmti_VTMS_transition_disable_count' 'I' @52  0 (0x00000000)
 - injected 'jfr_epoch' 'S' @56  0 (0x0000)
 - volatile 'interrupted' 'Z' @58  false (0x00)
 - injected 'jvmti_is_in_VTMS_transition' 'Z' @59  false (0x00)
 - private volatile 'name' 'Ljava/lang/String;' @60  "main"{0x0000000712808350} (0xe250106a)
 - private volatile 'contextClassLoader' 'Ljava/lang/ClassLoader;' @64  a 'jdk/internal/loader/ClassLoaders$AppClassLoader'{0x00000007128d1c20} (0xe251a384)
 - private final 'holder' 'Ljava/lang/Thread$FieldHolder;' @68  a 'java/lang/Thread$FieldHolder'{0x0000000712808390} (0xe2501072)
 - 'threadLocals' 'Ljava/lang/ThreadLocal$ThreadLocalMap;' @72  a 'java/lang/ThreadLocal$ThreadLocalMap'{0x000000071275ceb8} (0xe24eb9d7)
 - 'inheritableThreadLocals' 'Ljava/lang/ThreadLocal$ThreadLocalMap;' @76  null (0x00000000)
 - private 'scopedValueBindings' 'Ljava/lang/Object;' @80  a 'java/lang/Class'{0x0000000712801f30} = 'java/lang/Thread' (0xe25003e6)
 - final 'interruptLock' 'Ljava/lang/Object;' @84  a 'java/lang/Object'{0x0000000712808380} (0xe2501070)
 - private volatile 'parkBlocker' 'Ljava/lang/Object;' @88  null (0x00000000)
 - private 'nioBlocker' 'Lsun/nio/ch/Interruptible;' @92  null (0x00000000)
 - private 'cont' 'Ljdk/internal/vm/Continuation;' @96  null (0x00000000)
 - private volatile 'uncaughtExceptionHandler' 'Ljava/lang/Thread$UncaughtExceptionHandler;' @100  null (0x00000000)
 - private 'container' 'Ljdk/internal/vm/ThreadContainer;' @104  null (0x00000000)
 - private volatile 'headStackableScopes' 'Ljdk/internal/vm/StackableScope;' @108  null (0x00000000)
R10=0x00007ffd5e7b9fb0 jvm.dll
R11=0x0000000000000004 is an unknown value
R12=0x000000bca3dfecf0 is pointing into the stack for thread: 0x000002285a6f4ac0
R13=0x000002285ab3b7f0 points into unknown readable memory: 0x00007ffd5e72a510 | 10 a5 72 5e fd 7f 00 00
R14=0x000002285a6f4e88 points into unknown readable memory: 0x00007ffd5e7217b0 | b0 17 72 5e fd 7f 00 00
R15=0x000002285a6f4e88 points into unknown readable memory: 0x00007ffd5e7217b0 | b0 17 72 5e fd 7f 00 00

Top of Stack: (sp=0x000000bca3dfeb80)
0x000000bca3dfeb80:   000000bca3dfecf0 0000022804919530   ........0...(...
0x000000bca3dfeb90:   0000000000000000 000002285abde970   ........p..Z(...
0x000000bca3dfeba0:   000000000000001a 00007ffd5c9634db   .........4.\....
0x000000bca3dfebb0:   0000000000000000 000002285a6f4e88   .........NoZ(...
0x000000bca3dfebc0:   000000bca3dfec01 0000000000000000   ................
0x000000bca3dfebd0:   0000022805c0be40 00007ffd5c962134   @...(...4!.\....
0x000000bca3dfebe0:   0000000000000000 000000000000001a   ................
0x000000bca3dfebf0:   0000000000000000 000000000000001a   ................
0x000000bca3dfec00:   0000000900000002 0000022805bd00c0   ............(...
0x000000bca3dfec10:   0000022805c0be40 0000022805c0bea8   @...(.......(...
0x000000bca3dfec20:   0000022805c0beb0 0000000000005100   ....(....Q......
0x000000bca3dfec30:   0000000000000000 0000000000000000   ................
0x000000bca3dfec40:   0000000000000000 00007ffd5df857d4   .........W.]....
0x000000bca3dfec50:   00007ffd5cabae00 0000000000005050   ...\....PP......
0x000000bca3dfec60:   00007ffd5cabae00 00000000ffffffff   ...\............
0x000000bca3dfec70:   0000000000000000 00007ffd5c9629aa   .........).\....
0x000000bca3dfec80:   000002285a6f4e88 0000000000000000   .NoZ(...........
0x000000bca3dfec90:   000000bca3dfecf9 000002285ab3b7f0   ...........Z(...
0x000000bca3dfeca0:   00000228000021b4 0000000000000000   .!..(...........
0x000000bca3dfecb0:   0000000000000000 00007ffdbfeb9fc9   ................
0x000000bca3dfecc0:   000002285a6f4e88 00007ffd5cabae00   .NoZ(......\....
0x000000bca3dfecd0:   0000000000000000 00007ffd5c9fbc53   ........S..\....
0x000000bca3dfece0:   0000000000000000 000002285a6f4e88   .........NoZ(...
0x000000bca3dfecf0:   0000022805f77bc0 0000022805f77f00   .{..(.......(...
0x000000bca3dfed00:   0000022805f77f00 00007ffd5cabae00   ....(......\....
0x000000bca3dfed10:   000002285ab504c8 000000bca3dfee88   ...Z(...........
0x000000bca3dfed20:   000000bca3dfefc0 0000000000008840   ........@.......
0x000000bca3dfed30:   00007ffd5caad080 00007ffd5cabae50   ...\....P..\....
0x000000bca3dfed40:   0000000000989680 0000000000989680   ................
0x000000bca3dfed50:   000000bca3dfee60 00007ffd5c95d561   `.......a..\....
0x000000bca3dfed60:   00007ffd5cabae00 00007ffd5cabae58   ...\....X..\....
0x000000bca3dfed70:   00007ffd00000000 003f4dce00000001   .............M?.

Instructions: (pc=0x00007ffd5c963004)
  0x00007ffd5c962f04:   cc cc cc cc cc cc cc cc cc cc cc cc cc cc cc cc
  0x00007ffd5c962f14:   cc cc cc cc cc cc cc cc cc cc cc cc cc cc cc cc
  0x00007ffd5c962f24:   cc cc cc cc cc cc cc cc cc cc cc cc cc cc cc cc
  0x00007ffd5c962f34:   cc cc cc cc cc cc cc cc cc cc cc cc cc cc cc cc
  0x00007ffd5c962f44:   cc cc cc cc cc cc cc cc cc cc cc cc cc cc cc cc
  0x00007ffd5c962f54:   cc cc cc cc cc cc cc cc cc cc cc cc cc cc cc cc
  0x00007ffd5c962f64:   cc cc cc cc cc cc cc cc cc cc cc cc cc cc cc cc
  0x00007ffd5c962f74:   cc cc cc cc cc cc cc cc cc cc cc cc cc cc cc cc
  0x00007ffd5c962f84:   cc cc cc cc cc cc cc cc cc cc cc cc 40 57 48 83
  0x00007ffd5c962f94:   ec 20 48 8b f9 48 8b 0d 30 80 15 00 48 85 c9 74
  0x00007ffd5c962fa4:   20 48 8b 01 48 8d 54 24 38 41 b8 06 00 01 00 4c
  0x00007ffd5c962fb4:   8b 48 30 41 ff d1 85 c0 75 07 48 8b 4c 24 38 eb
  0x00007ffd5c962fc4:   02 33 c9 4c 8b 05 0a 81 15 00 48 89 5c 24 30 4d
  0x00007ffd5c962fd4:   85 c0 74 4a 48 8b 01 48 8b d7 4c 8b 88 28 03 00
  0x00007ffd5c962fe4:   00 41 ff d1 48 85 c0 74 35 48 63 0d b8 3d 15 00
  0x00007ffd5c962ff4:   48 8b 14 01 48 85 d2 74 15 48 63 05 bc 3d 15 00
=>0x00007ffd5c963004:   8b 04 10 48 8b 5c 24 30 48 83 c4 20 5f c3 b8 ff
  0x00007ffd5c963014:   ff ff ff 48 8b 5c 24 30 48 83 c4 20 5f c3 80 3d
  0x00007ffd5c963024:   bb 7f 15 00 00 bb ff ff ff ff 74 20 4c 8b 0d 51
  0x00007ffd5c963034:   7c 15 00 4c 8d 44 24 38 48 8b 0d 35 7c 15 00 48
  0x00007ffd5c963044:   8b d7 41 ff d1 85 c0 0f 44 5c 24 38 8b c3 48 8b
  0x00007ffd5c963054:   5c 24 30 48 83 c4 20 5f c3 cc cc cc cc cc cc cc
  0x00007ffd5c963064:   cc cc cc cc cc cc cc cc cc cc cc cc cc cc cc cc
  0x00007ffd5c963074:   cc cc cc cc cc cc cc cc cc cc cc cc cc cc cc cc
  0x00007ffd5c963084:   cc cc cc cc cc cc cc cc cc cc cc cc 48 89 54 24
  0x00007ffd5c963094:   10 53 55 56 57 41 56 41 57 48 83 ec 28 48 8b f2
  0x00007ffd5c9630a4:   4c 8b f1 48 89 4c 24 78 45 33 ff 44 89 7c 24 68
  0x00007ffd5c9630b4:   c7 44 24 60 01 00 00 00 48 8d 4c 24 68 e8 69 3c
  0x00007ffd5c9630c4:   f7 ff 8b d8 48 8d 4c 24 60 e8 5d 3c f7 ff 8b e8
  0x00007ffd5c9630d4:   49 8b ce e8 33 f3 f6 ff 48 8b f8 90 8b c3 f0 0f
  0x00007ffd5c9630e4:   b1 2f 74 04 f3 90 eb f4 4c 89 3e 4c 89 7e 08 4c
  0x00007ffd5c9630f4:   89 7e 10 49 8b 6e 08 4d 8b 76 10 49 3b ee 0f 84


Stack slot to memory mapping:

stack at sp + 0 slots: 0x000000bca3dfecf0 is pointing into the stack for thread: 0x000002285a6f4ac0
stack at sp + 1 slots: 0x0000022804919530 points into unknown readable memory: 0x00000007128082e0 | e0 82 80 12 07 00 00 00
stack at sp + 2 slots: 0x0 is null
stack at sp + 3 slots: 0x000002285abde970 points into unknown readable memory: 0x6e616c2e6176616a | 6a 61 76 61 2e 6c 61 6e
stack at sp + 4 slots: 0x000000000000001a is an unknown value
stack at sp + 5 slots: 0x00007ffd5c9634db libasyncProfiler.dll
stack at sp + 6 slots: 0x0 is null
stack at sp + 7 slots: 0x000002285a6f4e88 points into unknown readable memory: 0x00007ffd5e7217b0 | b0 17 72 5e fd 7f 00 00

Lock stack of current Java thread (top to bottom):


---------------  P R O C E S S  ---------------

Threads class SMR info:
_java_thread_list=0x0000022805b796d0, length=15, elements={
0x000002285a6f4ac0, 0x000002287b284150, 0x000002287b284e80, 0x000002287b26ec20,
0x000002287b273c70, 0x000002287b2743b0, 0x000002287b274ee0, 0x000002287b2a0d90,
0x000002287b28ca60, 0x000002287b476610, 0x000002287b289570, 0x000002287b289d00,
0x000002280480b8f0, 0x0000022805b001c0, 0x0000022805b9fb50
}

Java Threads: ( => current thread )
=>0x000002285a6f4ac0 JavaThread "main"                              [_thread_in_native, id=22884, stack(0x000000bca3d00000,0x000000bca3e00000) (1024K)]
  0x000002287b284150 JavaThread "Reference Handler"          daemon [_thread_blocked, id=14136, stack(0x000000bca4500000,0x000000bca4600000) (1024K)]
  0x000002287b284e80 JavaThread "Finalizer"                  daemon [_thread_blocked, id=10084, stack(0x000000bca4600000,0x000000bca4700000) (1024K)]
  0x000002287b26ec20 JavaThread "Signal Dispatcher"          daemon [_thread_blocked, id=8464, stack(0x000000bca4700000,0x000000bca4800000) (1024K)]
  0x000002287b273c70 JavaThread "Attach Listener"            daemon [_thread_blocked, id=4960, stack(0x000000bca4800000,0x000000bca4900000) (1024K)]
  0x000002287b2743b0 JavaThread "Service Thread"             daemon [_thread_blocked, id=15280, stack(0x000000bca4900000,0x000000bca4a00000) (1024K)]
  0x000002287b274ee0 JavaThread "Monitor Deflation Thread"   daemon [_thread_blocked, id=14400, stack(0x000000bca4a00000,0x000000bca4b00000) (1024K)]
  0x000002287b2a0d90 JavaThread "C2 CompilerThread0"         daemon [_thread_blocked, id=17636, stack(0x000000bca4b00000,0x000000bca4c00000) (1024K)]
  0x000002287b28ca60 JavaThread "C1 CompilerThread0"         daemon [_thread_blocked, id=22664, stack(0x000000bca4c00000,0x000000bca4d00000) (1024K)]
  0x000002287b476610 JavaThread "Common-Cleaner"             daemon [_thread_blocked, id=392, stack(0x000000bca4d00000,0x000000bca4e00000) (1024K)]
  0x000002287b289570 JavaThread "C2 CompilerThread1"         daemon [_thread_blocked, id=21556, stack(0x000000bca4e00000,0x000000bca4f00000) (1024K)]
  0x000002287b289d00 JavaThread "C2 CompilerThread2"         daemon [_thread_blocked, id=23456, stack(0x000000bca4f00000,0x000000bca5000000) (1024K)]
  0x000002280480b8f0 JavaThread "Monitor Ctrl-Break"         daemon [_thread_in_native, id=7212, stack(0x000000bca5000000,0x000000bca5100000) (1024K)]
  0x0000022805b001c0 JavaThread "JFR Recorder Thread"        daemon [_thread_in_native, id=3584, stack(0x000000bca5100000,0x000000bca5200000) (1024K)]
  0x0000022805b9fb50 JavaThread "JFR Periodic Tasks"         daemon [_thread_blocked, id=20736, stack(0x000000bca5200000,0x000000bca5300000) (1024K)]
Total: 15

Other Threads:
  0x000002287b20c3a0 VMThread "VM Thread"                           [id=16336, stack(0x000000bca4400000,0x000000bca4500000) (1024K)]
  0x000002285a87ead0 WatcherThread "VM Periodic Task Thread"        [id=11300, stack(0x000000bca4300000,0x000000bca4400000) (1024K)]
  0x000002285a766ca0 WorkerThread "GC Thread#0"                     [id=13496, stack(0x000000bca3e00000,0x000000bca3f00000) (1024K)]
  0x000002285a7ba010 ConcurrentGCThread "G1 Main Marker"            [id=9700, stack(0x000000bca3f00000,0x000000bca4000000) (1024K)]
  0x000002285a7bb1d0 WorkerThread "G1 Conc#0"                       [id=22084, stack(0x000000bca4000000,0x000000bca4100000) (1024K)]
  0x000002285a859c80 ConcurrentGCThread "G1 Refine#0"               [id=11092, stack(0x000000bca4100000,0x000000bca4200000) (1024K)]
  0x000002285a85a710 ConcurrentGCThread "G1 Service"                [id=19116, stack(0x000000bca4200000,0x000000bca4300000) (1024K)]
Total: 7

Threads with active compile tasks:
Total: 0

VM state: not at safepoint (normal execution)

VM Mutex/Monitor currently owned by a thread: None

Heap address: 0x0000000702c00000, size: 4052 MB, Compressed Oops mode: Zero based, Oop shift amount: 3

CDS archive(s) not mapped
Compressed class space mapped at: 0x000000000b000000-0x000000004b000000, reserved size: 1073741824
UseCompressedClassPointers 1, UseCompactObjectHeaders 0
Narrow klass pointer bits 32, Max shift 3
Narrow klass base: 0x0000000000000000, Narrow klass shift: 0
Encoding Range: [0x0000000000000000 - 0x0000000100000000), (4294967296 bytes)
Klass Range:    [0x000000000b000000 - 0x000000004b000000), (1073741824 bytes)
Klass ID Range:  [184549376 - 1258291193) (1073741817)

GC Precious Log:
 CardTable entry size: 512
 Card Set container configuration: InlinePtr #cards 4 size 8 Array Of Cards #cards 16 size 48 Howl #buckets 8 coarsen threshold 3686 Howl Bitmap #cards 512 size 80 coarsen threshold 460 Card regions per heap region 1 cards per card region 4096
 CPUs: 12 total, 12 available
 Memory: 16205M
 Large Page Support: Disabled
 NUMA Support: Disabled
 Compressed Oops: Enabled (Zero based)
 Heap Region Size: 2M
 Heap Min Capacity: 8M
 Heap Initial Capacity: 254M
 Heap Max Capacity: 4052M
 Pre-touch: Disabled
 Parallel Workers: 10
 Concurrent Workers: 3
 Concurrent Refinement Workers: 10
 Periodic GC: Disabled

Heap:
 garbage-first heap   total reserved 4149248K, committed 260096K, used 30720K [0x0000000702c00000, 0x0000000800000000)
  region size 2048K, 16 young (32768K), 0 survivors (0K)
 Metaspace       used 12982K, committed 13120K, reserved 1114112K
  class space    used 998K, committed 1024K, reserved 1048576K

Heap Regions: E=young(eden), S=young(survivor), O=old, HS=humongous(starts), HC=humongous(continues), CS=collection set, F=free, TAMS=top-at-mark-start, PB=parsable bottom
|   0|0x0000000702c00000, 0x0000000702c00000, 0x0000000702e00000|  0%| F|  |TAMS 0x0000000702c00000| PB 0x0000000702c00000| Untracked |  0
|   1|0x0000000702e00000, 0x0000000702e00000, 0x0000000703000000|  0%| F|  |TAMS 0x0000000702e00000| PB 0x0000000702e00000| Untracked |  0
|   2|0x0000000703000000, 0x0000000703000000, 0x0000000703200000|  0%| F|  |TAMS 0x0000000703000000| PB 0x0000000703000000| Untracked |  0
|   3|0x0000000703200000, 0x0000000703200000, 0x0000000703400000|  0%| F|  |TAMS 0x0000000703200000| PB 0x0000000703200000| Untracked |  0
|   4|0x0000000703400000, 0x0000000703400000, 0x0000000703600000|  0%| F|  |TAMS 0x0000000703400000| PB 0x0000000703400000| Untracked |  0
|   5|0x0000000703600000, 0x0000000703600000, 0x0000000703800000|  0%| F|  |TAMS 0x0000000703600000| PB 0x0000000703600000| Untracked |  0
|   6|0x0000000703800000, 0x0000000703800000, 0x0000000703a00000|  0%| F|  |TAMS 0x0000000703800000| PB 0x0000000703800000| Untracked |  0
|   7|0x0000000703a00000, 0x0000000703a00000, 0x0000000703c00000|  0%| F|  |TAMS 0x0000000703a00000| PB 0x0000000703a00000| Untracked |  0
|   8|0x0000000703c00000, 0x0000000703c00000, 0x0000000703e00000|  0%| F|  |TAMS 0x0000000703c00000| PB 0x0000000703c00000| Untracked |  0
|   9|0x0000000703e00000, 0x0000000703e00000, 0x0000000704000000|  0%| F|  |TAMS 0x0000000703e00000| PB 0x0000000703e00000| Untracked |  0
|  10|0x0000000704000000, 0x0000000704000000, 0x0000000704200000|  0%| F|  |TAMS 0x0000000704000000| PB 0x0000000704000000| Untracked |  0
|  11|0x0000000704200000, 0x0000000704200000, 0x0000000704400000|  0%| F|  |TAMS 0x0000000704200000| PB 0x0000000704200000| Untracked |  0
|  12|0x0000000704400000, 0x0000000704400000, 0x0000000704600000|  0%| F|  |TAMS 0x0000000704400000| PB 0x0000000704400000| Untracked |  0
|  13|0x0000000704600000, 0x0000000704600000, 0x0000000704800000|  0%| F|  |TAMS 0x0000000704600000| PB 0x0000000704600000| Untracked |  0
|  14|0x0000000704800000, 0x0000000704800000, 0x0000000704a00000|  0%| F|  |TAMS 0x0000000704800000| PB 0x0000000704800000| Untracked |  0
|  15|0x0000000704a00000, 0x0000000704a00000, 0x0000000704c00000|  0%| F|  |TAMS 0x0000000704a00000| PB 0x0000000704a00000| Untracked |  0
|  16|0x0000000704c00000, 0x0000000704c00000, 0x0000000704e00000|  0%| F|  |TAMS 0x0000000704c00000| PB 0x0000000704c00000| Untracked |  0
|  17|0x0000000704e00000, 0x0000000704e00000, 0x0000000705000000|  0%| F|  |TAMS 0x0000000704e00000| PB 0x0000000704e00000| Untracked |  0
|  18|0x0000000705000000, 0x0000000705000000, 0x0000000705200000|  0%| F|  |TAMS 0x0000000705000000| PB 0x0000000705000000| Untracked |  0
|  19|0x0000000705200000, 0x0000000705200000, 0x0000000705400000|  0%| F|  |TAMS 0x0000000705200000| PB 0x0000000705200000| Untracked |  0
|  20|0x0000000705400000, 0x0000000705400000, 0x0000000705600000|  0%| F|  |TAMS 0x0000000705400000| PB 0x0000000705400000| Untracked |  0
|  21|0x0000000705600000, 0x0000000705600000, 0x0000000705800000|  0%| F|  |TAMS 0x0000000705600000| PB 0x0000000705600000| Untracked |  0
|  22|0x0000000705800000, 0x0000000705800000, 0x0000000705a00000|  0%| F|  |TAMS 0x0000000705800000| PB 0x0000000705800000| Untracked |  0
|  23|0x0000000705a00000, 0x0000000705a00000, 0x0000000705c00000|  0%| F|  |TAMS 0x0000000705a00000| PB 0x0000000705a00000| Untracked |  0
|  24|0x0000000705c00000, 0x0000000705c00000, 0x0000000705e00000|  0%| F|  |TAMS 0x0000000705c00000| PB 0x0000000705c00000| Untracked |  0
|  25|0x0000000705e00000, 0x0000000705e00000, 0x0000000706000000|  0%| F|  |TAMS 0x0000000705e00000| PB 0x0000000705e00000| Untracked |  0
|  26|0x0000000706000000, 0x0000000706000000, 0x0000000706200000|  0%| F|  |TAMS 0x0000000706000000| PB 0x0000000706000000| Untracked |  0
|  27|0x0000000706200000, 0x0000000706200000, 0x0000000706400000|  0%| F|  |TAMS 0x0000000706200000| PB 0x0000000706200000| Untracked |  0
|  28|0x0000000706400000, 0x0000000706400000, 0x0000000706600000|  0%| F|  |TAMS 0x0000000706400000| PB 0x0000000706400000| Untracked |  0
|  29|0x0000000706600000, 0x0000000706600000, 0x0000000706800000|  0%| F|  |TAMS 0x0000000706600000| PB 0x0000000706600000| Untracked |  0
|  30|0x0000000706800000, 0x0000000706800000, 0x0000000706a00000|  0%| F|  |TAMS 0x0000000706800000| PB 0x0000000706800000| Untracked |  0
|  31|0x0000000706a00000, 0x0000000706a00000, 0x0000000706c00000|  0%| F|  |TAMS 0x0000000706a00000| PB 0x0000000706a00000| Untracked |  0
|  32|0x0000000706c00000, 0x0000000706c00000, 0x0000000706e00000|  0%| F|  |TAMS 0x0000000706c00000| PB 0x0000000706c00000| Untracked |  0
|  33|0x0000000706e00000, 0x0000000706e00000, 0x0000000707000000|  0%| F|  |TAMS 0x0000000706e00000| PB 0x0000000706e00000| Untracked |  0
|  34|0x0000000707000000, 0x0000000707000000, 0x0000000707200000|  0%| F|  |TAMS 0x0000000707000000| PB 0x0000000707000000| Untracked |  0
|  35|0x0000000707200000, 0x0000000707200000, 0x0000000707400000|  0%| F|  |TAMS 0x0000000707200000| PB 0x0000000707200000| Untracked |  0
|  36|0x0000000707400000, 0x0000000707400000, 0x0000000707600000|  0%| F|  |TAMS 0x0000000707400000| PB 0x0000000707400000| Untracked |  0
|  37|0x0000000707600000, 0x0000000707600000, 0x0000000707800000|  0%| F|  |TAMS 0x0000000707600000| PB 0x0000000707600000| Untracked |  0
|  38|0x0000000707800000, 0x0000000707800000, 0x0000000707a00000|  0%| F|  |TAMS 0x0000000707800000| PB 0x0000000707800000| Untracked |  0
|  39|0x0000000707a00000, 0x0000000707a00000, 0x0000000707c00000|  0%| F|  |TAMS 0x0000000707a00000| PB 0x0000000707a00000| Untracked |  0
|  40|0x0000000707c00000, 0x0000000707c00000, 0x0000000707e00000|  0%| F|  |TAMS 0x0000000707c00000| PB 0x0000000707c00000| Untracked |  0
|  41|0x0000000707e00000, 0x0000000707e00000, 0x0000000708000000|  0%| F|  |TAMS 0x0000000707e00000| PB 0x0000000707e00000| Untracked |  0
|  42|0x0000000708000000, 0x0000000708000000, 0x0000000708200000|  0%| F|  |TAMS 0x0000000708000000| PB 0x0000000708000000| Untracked |  0
|  43|0x0000000708200000, 0x0000000708200000, 0x0000000708400000|  0%| F|  |TAMS 0x0000000708200000| PB 0x0000000708200000| Untracked |  0
|  44|0x0000000708400000, 0x0000000708400000, 0x0000000708600000|  0%| F|  |TAMS 0x0000000708400000| PB 0x0000000708400000| Untracked |  0
|  45|0x0000000708600000, 0x0000000708600000, 0x0000000708800000|  0%| F|  |TAMS 0x0000000708600000| PB 0x0000000708600000| Untracked |  0
|  46|0x0000000708800000, 0x0000000708800000, 0x0000000708a00000|  0%| F|  |TAMS 0x0000000708800000| PB 0x0000000708800000| Untracked |  0
|  47|0x0000000708a00000, 0x0000000708a00000, 0x0000000708c00000|  0%| F|  |TAMS 0x0000000708a00000| PB 0x0000000708a00000| Untracked |  0
|  48|0x0000000708c00000, 0x0000000708c00000, 0x0000000708e00000|  0%| F|  |TAMS 0x0000000708c00000| PB 0x0000000708c00000| Untracked |  0
|  49|0x0000000708e00000, 0x0000000708e00000, 0x0000000709000000|  0%| F|  |TAMS 0x0000000708e00000| PB 0x0000000708e00000| Untracked |  0
|  50|0x0000000709000000, 0x0000000709000000, 0x0000000709200000|  0%| F|  |TAMS 0x0000000709000000| PB 0x0000000709000000| Untracked |  0
|  51|0x0000000709200000, 0x0000000709200000, 0x0000000709400000|  0%| F|  |TAMS 0x0000000709200000| PB 0x0000000709200000| Untracked |  0
|  52|0x0000000709400000, 0x0000000709400000, 0x0000000709600000|  0%| F|  |TAMS 0x0000000709400000| PB 0x0000000709400000| Untracked |  0
|  53|0x0000000709600000, 0x0000000709600000, 0x0000000709800000|  0%| F|  |TAMS 0x0000000709600000| PB 0x0000000709600000| Untracked |  0
|  54|0x0000000709800000, 0x0000000709800000, 0x0000000709a00000|  0%| F|  |TAMS 0x0000000709800000| PB 0x0000000709800000| Untracked |  0
|  55|0x0000000709a00000, 0x0000000709a00000, 0x0000000709c00000|  0%| F|  |TAMS 0x0000000709a00000| PB 0x0000000709a00000| Untracked |  0
|  56|0x0000000709c00000, 0x0000000709c00000, 0x0000000709e00000|  0%| F|  |TAMS 0x0000000709c00000| PB 0x0000000709c00000| Untracked |  0
|  57|0x0000000709e00000, 0x0000000709e00000, 0x000000070a000000|  0%| F|  |TAMS 0x0000000709e00000| PB 0x0000000709e00000| Untracked |  0
|  58|0x000000070a000000, 0x000000070a000000, 0x000000070a200000|  0%| F|  |TAMS 0x000000070a000000| PB 0x000000070a000000| Untracked |  0
|  59|0x000000070a200000, 0x000000070a200000, 0x000000070a400000|  0%| F|  |TAMS 0x000000070a200000| PB 0x000000070a200000| Untracked |  0
|  60|0x000000070a400000, 0x000000070a400000, 0x000000070a600000|  0%| F|  |TAMS 0x000000070a400000| PB 0x000000070a400000| Untracked |  0
|  61|0x000000070a600000, 0x000000070a600000, 0x000000070a800000|  0%| F|  |TAMS 0x000000070a600000| PB 0x000000070a600000| Untracked |  0
|  62|0x000000070a800000, 0x000000070a800000, 0x000000070aa00000|  0%| F|  |TAMS 0x000000070a800000| PB 0x000000070a800000| Untracked |  0
|  63|0x000000070aa00000, 0x000000070aa00000, 0x000000070ac00000|  0%| F|  |TAMS 0x000000070aa00000| PB 0x000000070aa00000| Untracked |  0
|  64|0x000000070ac00000, 0x000000070ac00000, 0x000000070ae00000|  0%| F|  |TAMS 0x000000070ac00000| PB 0x000000070ac00000| Untracked |  0
|  65|0x000000070ae00000, 0x000000070ae00000, 0x000000070b000000|  0%| F|  |TAMS 0x000000070ae00000| PB 0x000000070ae00000| Untracked |  0
|  66|0x000000070b000000, 0x000000070b000000, 0x000000070b200000|  0%| F|  |TAMS 0x000000070b000000| PB 0x000000070b000000| Untracked |  0
|  67|0x000000070b200000, 0x000000070b200000, 0x000000070b400000|  0%| F|  |TAMS 0x000000070b200000| PB 0x000000070b200000| Untracked |  0
|  68|0x000000070b400000, 0x000000070b400000, 0x000000070b600000|  0%| F|  |TAMS 0x000000070b400000| PB 0x000000070b400000| Untracked |  0
|  69|0x000000070b600000, 0x000000070b600000, 0x000000070b800000|  0%| F|  |TAMS 0x000000070b600000| PB 0x000000070b600000| Untracked |  0
|  70|0x000000070b800000, 0x000000070b800000, 0x000000070ba00000|  0%| F|  |TAMS 0x000000070b800000| PB 0x000000070b800000| Untracked |  0
|  71|0x000000070ba00000, 0x000000070ba00000, 0x000000070bc00000|  0%| F|  |TAMS 0x000000070ba00000| PB 0x000000070ba00000| Untracked |  0
|  72|0x000000070bc00000, 0x000000070bc00000, 0x000000070be00000|  0%| F|  |TAMS 0x000000070bc00000| PB 0x000000070bc00000| Untracked |  0
|  73|0x000000070be00000, 0x000000070be00000, 0x000000070c000000|  0%| F|  |TAMS 0x000000070be00000| PB 0x000000070be00000| Untracked |  0
|  74|0x000000070c000000, 0x000000070c000000, 0x000000070c200000|  0%| F|  |TAMS 0x000000070c000000| PB 0x000000070c000000| Untracked |  0
|  75|0x000000070c200000, 0x000000070c200000, 0x000000070c400000|  0%| F|  |TAMS 0x000000070c200000| PB 0x000000070c200000| Untracked |  0
|  76|0x000000070c400000, 0x000000070c400000, 0x000000070c600000|  0%| F|  |TAMS 0x000000070c400000| PB 0x000000070c400000| Untracked |  0
|  77|0x000000070c600000, 0x000000070c600000, 0x000000070c800000|  0%| F|  |TAMS 0x000000070c600000| PB 0x000000070c600000| Untracked |  0
|  78|0x000000070c800000, 0x000000070c800000, 0x000000070ca00000|  0%| F|  |TAMS 0x000000070c800000| PB 0x000000070c800000| Untracked |  0
|  79|0x000000070ca00000, 0x000000070ca00000, 0x000000070cc00000|  0%| F|  |TAMS 0x000000070ca00000| PB 0x000000070ca00000| Untracked |  0
|  80|0x000000070cc00000, 0x000000070cc00000, 0x000000070ce00000|  0%| F|  |TAMS 0x000000070cc00000| PB 0x000000070cc00000| Untracked |  0
|  81|0x000000070ce00000, 0x000000070ce00000, 0x000000070d000000|  0%| F|  |TAMS 0x000000070ce00000| PB 0x000000070ce00000| Untracked |  0
|  82|0x000000070d000000, 0x000000070d000000, 0x000000070d200000|  0%| F|  |TAMS 0x000000070d000000| PB 0x000000070d000000| Untracked |  0
|  83|0x000000070d200000, 0x000000070d200000, 0x000000070d400000|  0%| F|  |TAMS 0x000000070d200000| PB 0x000000070d200000| Untracked |  0
|  84|0x000000070d400000, 0x000000070d400000, 0x000000070d600000|  0%| F|  |TAMS 0x000000070d400000| PB 0x000000070d400000| Untracked |  0
|  85|0x000000070d600000, 0x000000070d600000, 0x000000070d800000|  0%| F|  |TAMS 0x000000070d600000| PB 0x000000070d600000| Untracked |  0
|  86|0x000000070d800000, 0x000000070d800000, 0x000000070da00000|  0%| F|  |TAMS 0x000000070d800000| PB 0x000000070d800000| Untracked |  0
|  87|0x000000070da00000, 0x000000070da00000, 0x000000070dc00000|  0%| F|  |TAMS 0x000000070da00000| PB 0x000000070da00000| Untracked |  0
|  88|0x000000070dc00000, 0x000000070dc00000, 0x000000070de00000|  0%| F|  |TAMS 0x000000070dc00000| PB 0x000000070dc00000| Untracked |  0
|  89|0x000000070de00000, 0x000000070de00000, 0x000000070e000000|  0%| F|  |TAMS 0x000000070de00000| PB 0x000000070de00000| Untracked |  0
|  90|0x000000070e000000, 0x000000070e000000, 0x000000070e200000|  0%| F|  |TAMS 0x000000070e000000| PB 0x000000070e000000| Untracked |  0
|  91|0x000000070e200000, 0x000000070e200000, 0x000000070e400000|  0%| F|  |TAMS 0x000000070e200000| PB 0x000000070e200000| Untracked |  0
|  92|0x000000070e400000, 0x000000070e400000, 0x000000070e600000|  0%| F|  |TAMS 0x000000070e400000| PB 0x000000070e400000| Untracked |  0
|  93|0x000000070e600000, 0x000000070e600000, 0x000000070e800000|  0%| F|  |TAMS 0x000000070e600000| PB 0x000000070e600000| Untracked |  0
|  94|0x000000070e800000, 0x000000070e800000, 0x000000070ea00000|  0%| F|  |TAMS 0x000000070e800000| PB 0x000000070e800000| Untracked |  0
|  95|0x000000070ea00000, 0x000000070ea00000, 0x000000070ec00000|  0%| F|  |TAMS 0x000000070ea00000| PB 0x000000070ea00000| Untracked |  0
|  96|0x000000070ec00000, 0x000000070ec00000, 0x000000070ee00000|  0%| F|  |TAMS 0x000000070ec00000| PB 0x000000070ec00000| Untracked |  0
|  97|0x000000070ee00000, 0x000000070ee00000, 0x000000070f000000|  0%| F|  |TAMS 0x000000070ee00000| PB 0x000000070ee00000| Untracked |  0
|  98|0x000000070f000000, 0x000000070f000000, 0x000000070f200000|  0%| F|  |TAMS 0x000000070f000000| PB 0x000000070f000000| Untracked |  0
|  99|0x000000070f200000, 0x000000070f200000, 0x000000070f400000|  0%| F|  |TAMS 0x000000070f200000| PB 0x000000070f200000| Untracked |  0
| 100|0x000000070f400000, 0x000000070f400000, 0x000000070f600000|  0%| F|  |TAMS 0x000000070f400000| PB 0x000000070f400000| Untracked |  0
| 101|0x000000070f600000, 0x000000070f600000, 0x000000070f800000|  0%| F|  |TAMS 0x000000070f600000| PB 0x000000070f600000| Untracked |  0
| 102|0x000000070f800000, 0x000000070f800000, 0x000000070fa00000|  0%| F|  |TAMS 0x000000070f800000| PB 0x000000070f800000| Untracked |  0
| 103|0x000000070fa00000, 0x000000070fa00000, 0x000000070fc00000|  0%| F|  |TAMS 0x000000070fa00000| PB 0x000000070fa00000| Untracked |  0
| 104|0x000000070fc00000, 0x000000070fc00000, 0x000000070fe00000|  0%| F|  |TAMS 0x000000070fc00000| PB 0x000000070fc00000| Untracked |  0
| 105|0x000000070fe00000, 0x000000070fe00000, 0x0000000710000000|  0%| F|  |TAMS 0x000000070fe00000| PB 0x000000070fe00000| Untracked |  0
| 106|0x0000000710000000, 0x0000000710000000, 0x0000000710200000|  0%| F|  |TAMS 0x0000000710000000| PB 0x0000000710000000| Untracked |  0
| 107|0x0000000710200000, 0x0000000710200000, 0x0000000710400000|  0%| F|  |TAMS 0x0000000710200000| PB 0x0000000710200000| Untracked |  0
| 108|0x0000000710400000, 0x0000000710400000, 0x0000000710600000|  0%| F|  |TAMS 0x0000000710400000| PB 0x0000000710400000| Untracked |  0
| 109|0x0000000710600000, 0x0000000710600000, 0x0000000710800000|  0%| F|  |TAMS 0x0000000710600000| PB 0x0000000710600000| Untracked |  0
| 110|0x0000000710800000, 0x0000000710800000, 0x0000000710a00000|  0%| F|  |TAMS 0x0000000710800000| PB 0x0000000710800000| Untracked |  0
| 111|0x0000000710a00000, 0x0000000710beb880, 0x0000000710c00000| 96%| E|  |TAMS 0x0000000710a00000| PB 0x0000000710a00000| Complete |  0
| 112|0x0000000710c00000, 0x0000000710e00000, 0x0000000710e00000|100%| E|CS|TAMS 0x0000000710c00000| PB 0x0000000710c00000| Complete |  0
| 113|0x0000000710e00000, 0x0000000711000000, 0x0000000711000000|100%| E|CS|TAMS 0x0000000710e00000| PB 0x0000000710e00000| Complete |  0
| 114|0x0000000711000000, 0x0000000711200000, 0x0000000711200000|100%| E|CS|TAMS 0x0000000711000000| PB 0x0000000711000000| Complete |  0
| 115|0x0000000711200000, 0x0000000711400000, 0x0000000711400000|100%| E|CS|TAMS 0x0000000711200000| PB 0x0000000711200000| Complete |  0
| 116|0x0000000711400000, 0x0000000711600000, 0x0000000711600000|100%| E|CS|TAMS 0x0000000711400000| PB 0x0000000711400000| Complete |  0
| 117|0x0000000711600000, 0x0000000711800000, 0x0000000711800000|100%| E|CS|TAMS 0x0000000711600000| PB 0x0000000711600000| Complete |  0
| 118|0x0000000711800000, 0x0000000711a00000, 0x0000000711a00000|100%| E|CS|TAMS 0x0000000711800000| PB 0x0000000711800000| Complete |  0
| 119|0x0000000711a00000, 0x0000000711c00000, 0x0000000711c00000|100%| E|CS|TAMS 0x0000000711a00000| PB 0x0000000711a00000| Complete |  0
| 120|0x0000000711c00000, 0x0000000711e00000, 0x0000000711e00000|100%| E|CS|TAMS 0x0000000711c00000| PB 0x0000000711c00000| Complete |  0
| 121|0x0000000711e00000, 0x0000000712000000, 0x0000000712000000|100%| E|CS|TAMS 0x0000000711e00000| PB 0x0000000711e00000| Complete |  0
| 122|0x0000000712000000, 0x0000000712200000, 0x0000000712200000|100%| E|CS|TAMS 0x0000000712000000| PB 0x0000000712000000| Complete |  0
| 123|0x0000000712200000, 0x0000000712400000, 0x0000000712400000|100%| E|CS|TAMS 0x0000000712200000| PB 0x0000000712200000| Complete |  0
| 124|0x0000000712400000, 0x0000000712600000, 0x0000000712600000|100%| E|CS|TAMS 0x0000000712400000| PB 0x0000000712400000| Complete |  0
| 125|0x0000000712600000, 0x0000000712800000, 0x0000000712800000|100%| E|CS|TAMS 0x0000000712600000| PB 0x0000000712600000| Complete |  0
| 126|0x0000000712800000, 0x0000000712a00000, 0x0000000712a00000|100%| E|CS|TAMS 0x0000000712800000| PB 0x0000000712800000| Complete |  0

Card table byte_map: [0x0000022873e50000,0x0000022874640000] _byte_map_base: 0x000002287063a000

Marking Bits: (CMBitMap*) 0x000002285a7672c0
 Bits: [0x0000022874640000, 0x0000022878590000)

Polling page: 0x0000022858980000

Metaspace:

Usage:
  Non-class:     11.70 MB used.
      Class:    998.55 KB used.
       Both:     12.68 MB used.

Virtual space:
  Non-class space:       64.00 MB reserved,      11.81 MB ( 18%) committed,  1 nodes.
      Class space:        1.00 GB reserved,       1.00 MB ( <1%) committed,  1 nodes.
             Both:        1.06 GB reserved,      12.81 MB (  1%) committed. 

Chunk freelists:
   Non-Class:  4.21 MB
       Class:  15.00 MB
        Both:  19.21 MB

MaxMetaspaceSize: unlimited
CompressedClassSpaceSize: 1.00 GB
Initial GC threshold: 21.00 MB
Current GC threshold: 21.00 MB
CDS: off
 - commit_granule_bytes: 65536.
 - commit_granule_words: 8192.
 - virtual_space_node_default_size: 8388608.
 - enlarge_chunks_in_place: 1.
UseCompressedClassPointers 1, UseCompactObjectHeaders 0
Narrow klass pointer bits 32, Max shift 3
Narrow klass base: 0x0000000000000000, Narrow klass shift: 0
Encoding Range: [0x0000000000000000 - 0x0000000100000000), (4294967296 bytes)
Klass Range:    [0x000000000b000000 - 0x000000004b000000), (1073741824 bytes)
Klass ID Range:  [184549376 - 1258291193) (1073741817)


Internal statistics:

num_allocs_failed_limit: 0.
num_arena_births: 78.
num_arena_deaths: 0.
num_vsnodes_births: 2.
num_vsnodes_deaths: 0.
num_space_committed: 205.
num_space_uncommitted: 0.
num_chunks_returned_to_freelist: 0.
num_chunks_taken_from_freelist: 122.
num_chunk_merges: 0.
num_chunk_splits: 65.
num_chunks_enlarged: 37.
num_inconsistent_stats: 0.

CodeHeap 'non-profiled nmethods': size=120064Kb used=564Kb max_used=564Kb free=119499Kb
 bounds [0x000002286b680000, 0x000002286b8f0000, 0x0000022872bc0000]
CodeHeap 'profiled nmethods': size=120000Kb used=2117Kb max_used=2117Kb free=117882Kb
 bounds [0x0000022863bc0000, 0x0000022863e30000, 0x000002286b0f0000]
CodeHeap 'non-nmethods': size=5696Kb used=1304Kb max_used=1342Kb free=4391Kb
 bounds [0x000002286b0f0000, 0x000002286b360000, 0x000002286b680000]
CodeCache: size=245760Kb, used=3985Kb, max_used=4023Kb, free=241772Kb
 total_blobs=2077, nmethods=1608, adapters=374, full_count=0
Compilation: enabled, stopped_count=0, restarted_count=0

Compilation events (20 events):
Event: 0.590 Thread 0x000002287b28ca60 nmethod 1602 0x000002286b708908 code [0x000002286b708a00, 0x000002286b708ac8]
Event: 0.590 Thread 0x000002287b28ca60 1603       1       jdk.jfr.internal.PlatformEventType::isEnabled (5 bytes)
Event: 0.590 Thread 0x000002287b28ca60 nmethod 1603 0x000002286b708c08 code [0x000002286b708d00, 0x000002286b708dc8]
Event: 0.590 Thread 0x000002287b28ca60 1604       3       java.lang.StringLatin1::getChar (9 bytes)
Event: 0.590 Thread 0x000002287b28ca60 nmethod 1604 0x0000022863dcf208 code [0x0000022863dcf320, 0x0000022863dcf440]
Event: 0.591 Thread 0x000002287b28ca60 1605   !   3       jdk.jfr.internal.Control::setValue (102 bytes)
Event: 0.591 Thread 0x000002287b289d00 nmethod 1583 0x000002286b708f08 code [0x000002286b709040, 0x000002286b709560]
Event: 0.591 Thread 0x000002287b289d00 1584       4       java.util.HashSet::contains (9 bytes)
Event: 0.591 Thread 0x000002287b28ca60 nmethod 1605 0x0000022863dcf508 code [0x0000022863dcf7a0, 0x0000022863dd0b40]
Event: 0.593 Thread 0x000002287b289570 nmethod 1590 0x000002286b709588 code [0x000002286b7096c0, 0x000002286b709c38]
Event: 0.593 Thread 0x000002287b28ca60 1606       1       jdk.jfr.internal.periodic.EventTask::getEventType (5 bytes)
Event: 0.593 Thread 0x000002287b28ca60 nmethod 1606 0x000002286b709d08 code [0x000002286b709e00, 0x000002286b709ec8]
Event: 0.593 Thread 0x000002287b28ca60 1607       1       jdk.jfr.internal.periodic.PeriodicTask::getPeriod (5 bytes)
Event: 0.593 Thread 0x000002287b28ca60 nmethod 1607 0x000002286b70a008 code [0x000002286b70a100, 0x000002286b70a1c8]
Event: 0.593 Thread 0x000002287b28ca60 1608       3       java.util.Comparator$$Lambda/0x000000000b0d0000::compare (10 bytes)
Event: 0.593 Thread 0x000002287b28ca60 nmethod 1608 0x0000022863dd0c08 code [0x0000022863dd0d60, 0x0000022863dd11d8]
Event: 0.593 Thread 0x000002287b28ca60 1609       3       java.util.Comparator::lambda$comparingLong$6043328a$1 (18 bytes)
Event: 0.593 Thread 0x000002287b28ca60 nmethod 1609 0x0000022863dd1208 code [0x0000022863dd1360, 0x0000022863dd1738]
Event: 0.596 Thread 0x000002287b289d00 nmethod 1584 0x000002286b70a308 code [0x000002286b70a460, 0x000002286b70aab8]
Event: 0.599 Thread 0x000002287b2a0d90 nmethod 1561 0x000002286b70ab88 code [0x000002286b70ae80, 0x000002286b70d230]

GC Heap History (0 events):
No events

Dll operation events (10 events):
Event: 0.011 Loaded shared library C:\Users\yazee\.jdks\openjdk-24.0.1\bin\java.dll
Event: 0.012 Loaded shared library C:\Users\yazee\.jdks\openjdk-24.0.1\bin\zip.dll
Event: 0.049 Loaded shared library C:\Users\yazee\.jdks\openjdk-24.0.1\bin\jsvml.dll
Event: 0.145 Loaded shared library C:\Users\yazee\.jdks\openjdk-24.0.1\bin\net.dll
Event: 0.148 Loaded shared library C:\Users\yazee\.jdks\openjdk-24.0.1\bin\nio.dll
Event: 0.155 Loaded shared library C:\Users\yazee\.jdks\openjdk-24.0.1\bin\zip.dll
Event: 0.317 Loaded shared library C:\Users\yazee\.jdks\openjdk-24.0.1\bin\instrument.dll
Event: 0.333 Loaded shared library C:\Users\yazee\AppData\Local\JetBrains\IntelliJ IDEA 2024.3\bin\breakgen64.dll
Event: 0.345 Loaded shared library C:\Users\yazee\.jdks\openjdk-24.0.1\bin\extnet.dll
Event: 0.451 Loaded shared library C:\Users\yazee\.jdks\openjdk-24.0.1\bin\jimage.dll

Deoptimization events (20 events):
Event: 0.516 Thread 0x000002285a6f4ac0 Uncommon trap: trap_request=0xffffffde fr.pc=0x000002286b6e3398 relative=0x0000000000000078
Event: 0.516 Thread 0x000002285a6f4ac0 Uncommon trap: reason=class_check action=maybe_recompile pc=0x000002286b6e3398 method=jdk.jfr.FlightRecorderPermission$InternalAccess.getType(Ljava/lang/Object;)Ljdk/jfr/internal/Type; @ 18 c2
Event: 0.516 Thread 0x000002285a6f4ac0 DEOPT PACKING pc=0x000002286b6e3398 sp=0x000000bca3dfe0e0
Event: 0.516 Thread 0x000002285a6f4ac0 DEOPT UNPACKING pc=0x000002286b202782 sp=0x000000bca3dfe078 mode 2
Event: 0.527 Thread 0x000002285a6f4ac0 Uncommon trap: trap_request=0xffffffcc fr.pc=0x000002286b6f2f28 relative=0x00000000000003e8
Event: 0.527 Thread 0x000002285a6f4ac0 Uncommon trap: reason=intrinsic_or_type_checked_inlining action=make_not_entrant pc=0x000002286b6f2f28 method=java.util.Arrays.copyOf([Ljava/lang/Object;ILjava/lang/Class;)[Ljava/lang/Object; @ 35 c2
Event: 0.527 Thread 0x000002285a6f4ac0 DEOPT PACKING pc=0x000002286b6f2f28 sp=0x000000bca3dfdf40
Event: 0.527 Thread 0x000002285a6f4ac0 DEOPT UNPACKING pc=0x000002286b202782 sp=0x000000bca3dfdef8 mode 2
Event: 0.550 Thread 0x000002285a6f4ac0 Uncommon trap: trap_request=0xffffff4d fr.pc=0x000002286b695bf4 relative=0x0000000000000154
Event: 0.550 Thread 0x000002285a6f4ac0 Uncommon trap: reason=unstable_if action=reinterpret pc=0x000002286b695bf4 method=java.lang.StringLatin1.lastIndexOf([BI[BII)I @ 86 c2
Event: 0.550 Thread 0x000002285a6f4ac0 DEOPT PACKING pc=0x000002286b695bf4 sp=0x000000bca3dfe570
Event: 0.550 Thread 0x000002285a6f4ac0 DEOPT UNPACKING pc=0x000002286b202782 sp=0x000000bca3dfe4d8 mode 2
Event: 0.573 Thread 0x000002285a6f4ac0 Uncommon trap: trap_request=0xffffff4d fr.pc=0x000002286b701440 relative=0x0000000000000220
Event: 0.573 Thread 0x000002285a6f4ac0 Uncommon trap: reason=unstable_if action=reinterpret pc=0x000002286b701440 method=java.io.ByteArrayOutputStream.ensureCapacity(I)V @ 11 c2
Event: 0.573 Thread 0x000002285a6f4ac0 DEOPT PACKING pc=0x000002286b701440 sp=0x000000bca3dfe230
Event: 0.573 Thread 0x000002285a6f4ac0 DEOPT UNPACKING pc=0x000002286b202782 sp=0x000000bca3dfe178 mode 2
Event: 0.581 Thread 0x000002285a6f4ac0 Uncommon trap: trap_request=0xffffff4d fr.pc=0x000002286b701a24 relative=0x0000000000000404
Event: 0.581 Thread 0x000002285a6f4ac0 Uncommon trap: reason=unstable_if action=reinterpret pc=0x000002286b701a24 method=java.io.ByteArrayOutputStream.ensureCapacity(I)V @ 11 c2
Event: 0.581 Thread 0x000002285a6f4ac0 DEOPT PACKING pc=0x000002286b701a24 sp=0x000000bca3dfe180
Event: 0.581 Thread 0x000002285a6f4ac0 DEOPT UNPACKING pc=0x000002286b202782 sp=0x000000bca3dfe070 mode 2

Classes loaded (20 events):
Event: 0.562 Loading class jdk/jfr/internal/MetadataWriter
Event: 0.562 Loading class jdk/jfr/internal/MetadataWriter done
Event: 0.562 Loading class jdk/jfr/internal/MetadataDescriptor$Element
Event: 0.562 Loading class jdk/jfr/internal/MetadataDescriptor$Element done
Event: 0.562 Loading class jdk/jfr/internal/MetadataDescriptor$Attribute
Event: 0.562 Loading class jdk/jfr/internal/MetadataDescriptor$Attribute done
Event: 0.569 Loading class jdk/jfr/internal/consumer/StringParser$Encoding
Event: 0.569 Loading class jdk/jfr/internal/consumer/StringParser$Encoding done
Event: 0.585 Loading class jdk/jfr/internal/consumer/RepositoryFiles
Event: 0.585 Loading class jdk/jfr/internal/consumer/RepositoryFiles done
Event: 0.587 Loading class jdk/jfr/internal/SettingsManager$InternalSetting
Event: 0.587 Loading class jdk/jfr/internal/SettingsManager$InternalSetting done
Event: 0.589 Loading class jdk/jfr/internal/util/Rate
Event: 0.589 Loading class jdk/jfr/internal/util/Rate done
Event: 0.589 Loading class jdk/jfr/internal/util/TimespanUnit
Event: 0.589 Loading class jdk/jfr/internal/util/TimespanUnit done
Event: 0.589 Loading class jdk/jfr/internal/util/ValueParser
Event: 0.589 Loading class jdk/jfr/internal/util/ValueParser done
Event: 0.591 Loading class jdk/jfr/internal/periodic/PeriodicType
Event: 0.591 Loading class jdk/jfr/internal/periodic/PeriodicType done

Classes unloaded (0 events):
No events

Classes redefined (1 events):
Event: 0.353 Thread 0x000002287b20c3a0 redefined class name=java.lang.Throwable, count=1

Internal exceptions (20 events):
Event: 0.216 Thread 0x000002285a6f4ac0 Exception <a 'java/lang/NoSuchMethodError'{0x00000007125a64c8}: 'void java.lang.invoke.DirectMethodHandle$Holder.invokeVirtual(java.lang.Object, java.lang.Object)'> (0x00000007125a64c8) 
thrown [s\open\src\hotspot\share\interpreter\linkResolver.cpp, line 805]
Event: 0.218 Thread 0x000002285a6f4ac0 Exception <a 'java/lang/NoSuchMethodError'{0x00000007125c48f8}: 'java.lang.Object java.lang.invoke.DirectMethodHandle$Holder.invokeInterface(java.lang.Object, java.lang.Object, java.lang.Object)'> (0x00000007125c48f8) 
thrown [s\open\src\hotspot\share\interpreter\linkResolver.cpp, line 805]
Event: 0.229 Thread 0x000002285a6f4ac0 Exception <a 'java/lang/NoSuchMethodError'{0x000000071221eaa0}: 'java.lang.Object java.lang.invoke.DirectMethodHandle$Holder.newInvokeSpecial(java.lang.Object, java.lang.Object, int)'> (0x000000071221eaa0) 
thrown [s\open\src\hotspot\share\interpreter\linkResolver.cpp, line 805]
Event: 0.301 Thread 0x000002285a6f4ac0 Exception <a 'java/lang/NoSuchMethodError'{0x0000000711df32a8}: 'void java.lang.invoke.DirectMethodHandle$Holder.invokeStatic(java.lang.Object, java.lang.Object)'> (0x0000000711df32a8) 
thrown [s\open\src\hotspot\share\interpreter\linkResolver.cpp, line 805]
Event: 0.324 Thread 0x000002285a6f4ac0 Exception <a 'java/lang/NoSuchMethodError'{0x0000000711a77ce0}: 'void java.lang.invoke.DirectMethodHandle$Holder.invokeStatic(java.lang.Object, java.lang.Object, java.lang.Object)'> (0x0000000711a77ce0) 
thrown [s\open\src\hotspot\share\interpreter\linkResolver.cpp, line 805]
Event: 0.328 Thread 0x000002285a6f4ac0 Exception <a 'java/lang/NoSuchMethodError'{0x0000000711aabc18}: 'java.lang.Object java.lang.invoke.Invokers$Holder.invokeExact_MT(java.lang.Object, java.lang.Object, java.lang.Object, java.lang.Object, java.lang.Object)'> (0x0000000711aabc18) 
thrown [s\open\src\hotspot\share\interpreter\linkResolver.cpp, line 805]
Event: 0.343 Thread 0x000002280480b8f0 Exception <a 'java/lang/NoSuchMethodError'{0x0000000711b31518}: 'java.lang.Object java.lang.invoke.DirectMethodHandle$Holder.invokeStaticInit(java.lang.Object)'> (0x0000000711b31518) 
thrown [s\open\src\hotspot\share\interpreter\linkResolver.cpp, line 805]
Event: 0.362 Thread 0x000002285a6f4ac0 Exception <a 'java/lang/NoSuchMethodError'{0x0000000711856830}: 'java.lang.Object java.lang.invoke.DirectMethodHandle$Holder.invokeStaticInit(java.lang.Object, java.lang.Object, java.lang.Object)'> (0x0000000711856830) 
thrown [s\open\src\hotspot\share\interpreter\linkResolver.cpp, line 805]
Event: 0.415 Thread 0x000002285a6f4ac0 Exception <a 'java/lang/NoSuchMethodError'{0x00000007116f1728}: 'void java.lang.invoke.DirectMethodHandle$Holder.invokeStaticInit(java.lang.Object)'> (0x00000007116f1728) 
thrown [s\open\src\hotspot\share\interpreter\linkResolver.cpp, line 805]
Event: 0.437 Thread 0x000002285a6f4ac0 Exception <a 'java/lang/NoSuchMethodError'{0x0000000711411428}: 'java.lang.Object java.lang.invoke.DirectMethodHandle$Holder.newInvokeSpecial(java.lang.Object, java.lang.Object, java.lang.Object, java.lang.Object, java.lang.Object)'> (0x0000000711411428) 
thrown [s\open\src\hotspot\share\interpreter\linkResolver.cpp, line 805]
Event: 0.471 Thread 0x000002285a6f4ac0 Exception <a 'java/lang/NoSuchMethodError'{0x00000007115e10b8}: 'long java.lang.invoke.DirectMethodHandle$Holder.invokeVirtual(java.lang.Object, java.lang.Object)'> (0x00000007115e10b8) 
thrown [s\open\src\hotspot\share\interpreter\linkResolver.cpp, line 805]
Event: 0.472 Thread 0x000002285a6f4ac0 Exception <a 'java/lang/NoSuchMethodError'{0x00000007115f3928}: 'int java.lang.invoke.DirectMethodHandle$Holder.invokeStatic(java.lang.Object, java.lang.Object, java.lang.Object, java.lang.Object)'> (0x00000007115f3928) 
thrown [s\open\src\hotspot\share\interpreter\linkResolver.cpp, line 805]
Event: 0.505 Thread 0x000002285a6f4ac0 Exception <a 'java/lang/NoSuchMethodError'{0x000000071105d220}: 'int java.lang.invoke.DirectMethodHandle$Holder.invokeSpecial(java.lang.Object, java.lang.Object, java.lang.Object)'> (0x000000071105d220) 
thrown [s\open\src\hotspot\share\interpreter\linkResolver.cpp, line 805]
Event: 0.544 Thread 0x000002285a6f4ac0 Exception <a 'java/lang/NoSuchMethodError'{0x0000000710e3bba8}: 'void java.lang.invoke.DirectMethodHandle$Holder.invokeSpecial(java.lang.Object, java.lang.Object, int)'> (0x0000000710e3bba8) 
thrown [s\open\src\hotspot\share\interpreter\linkResolver.cpp, line 805]
Event: 0.544 Thread 0x000002285a6f4ac0 Exception <a 'java/lang/NoSuchMethodError'{0x0000000710e437e8}: 'void java.lang.invoke.Invokers$Holder.invokeExact_MT(java.lang.Object, int, java.lang.Object)'> (0x0000000710e437e8) 
thrown [s\open\src\hotspot\share\interpreter\linkResolver.cpp, line 805]
Event: 0.545 Thread 0x000002285a6f4ac0 Exception <a 'java/lang/NoSuchMethodError'{0x0000000710e5f6a0}: 'void java.lang.invoke.DirectMethodHandle$Holder.invokeStatic(java.lang.Object, java.lang.Object, int)'> (0x0000000710e5f6a0) 
thrown [s\open\src\hotspot\share\interpreter\linkResolver.cpp, line 805]
Event: 0.547 Thread 0x0000022805b9fb50 Exception <a 'java/lang/NoSuchMethodError'{0x0000000710ef6f68}: 'long java.lang.invoke.DirectMethodHandle$Holder.invokeSpecial(java.lang.Object, java.lang.Object)'> (0x0000000710ef6f68) 
thrown [s\open\src\hotspot\share\interpreter\linkResolver.cpp, line 805]
Event: 0.552 Thread 0x000002285a6f4ac0 Exception <a 'sun/nio/fs/WindowsException'{0x0000000710ea7ca8}> (0x0000000710ea7ca8) 
thrown [s\open\src\hotspot\share\prims\jni.cpp, line 518]
Event: 0.554 Thread 0x000002285a6f4ac0 Exception <a 'sun/nio/fs/WindowsException'{0x0000000710eb63a0}> (0x0000000710eb63a0) 
thrown [s\open\src\hotspot\share\prims\jni.cpp, line 518]
Event: 0.558 Thread 0x000002285a6f4ac0 Exception <a 'sun/nio/fs/WindowsException'{0x0000000710ec8bd8}> (0x0000000710ec8bd8) 
thrown [s\open\src\hotspot\share\prims\jni.cpp, line 518]

VM Operations (12 events):
Event: 0.189 Executing VM operation: HandshakeAllThreads (Deoptimize)
Event: 0.189 Executing VM operation: HandshakeAllThreads (Deoptimize) done
Event: 0.290 Executing VM operation: HandshakeAllThreads (Deoptimize)
Event: 0.290 Executing VM operation: HandshakeAllThreads (Deoptimize) done
Event: 0.353 Executing VM operation: RedefineClasses
Event: 0.355 Executing VM operation: RedefineClasses done
Event: 0.430 Executing VM operation: HandshakeAllThreads (Deoptimize)
Event: 0.430 Executing VM operation: HandshakeAllThreads (Deoptimize) done
Event: 0.547 Executing VM operation: HandshakeAllThreads (Deoptimize)
Event: 0.547 Executing VM operation: HandshakeAllThreads (Deoptimize) done
Event: 0.585 Executing VM operation: JFRSafepointClear
Event: 0.585 Executing VM operation: JFRSafepointClear done

Memory protections (0 events):
No events

Nmethod flushes (0 events):
No events

Events (15 events):
Event: 0.015 Thread 0x000002285a6f4ac0 Thread added: 0x000002285a6f4ac0
Event: 0.046 Thread 0x000002285a6f4ac0 Thread added: 0x000002287b284150
Event: 0.046 Thread 0x000002285a6f4ac0 Thread added: 0x000002287b284e80
Event: 0.047 Thread 0x000002285a6f4ac0 Thread added: 0x000002287b26ec20
Event: 0.047 Thread 0x000002285a6f4ac0 Thread added: 0x000002287b273c70
Event: 0.047 Thread 0x000002285a6f4ac0 Thread added: 0x000002287b2743b0
Event: 0.047 Thread 0x000002285a6f4ac0 Thread added: 0x000002287b274ee0
Event: 0.047 Thread 0x000002285a6f4ac0 Thread added: 0x000002287b2a0d90
Event: 0.047 Thread 0x000002285a6f4ac0 Thread added: 0x000002287b28ca60
Event: 0.142 Thread 0x000002285a6f4ac0 Thread added: 0x000002287b476610
Event: 0.172 Thread 0x000002287b28ca60 Thread added: 0x000002287b289570
Event: 0.202 Thread 0x000002287b2a0d90 Thread added: 0x000002287b289d00
Event: 0.333 Thread 0x000002285a6f4ac0 Thread added: 0x000002280480b8f0
Event: 0.413 Thread 0x000002285a6f4ac0 Thread added: 0x0000022805b001c0
Event: 0.546 Thread 0x000002285a6f4ac0 Thread added: 0x0000022805b9fb50


Dynamic libraries:
0x00007ff70ffc0000 - 0x00007ff70ffce000 	C:\Users\yazee\.jdks\openjdk-24.0.1\bin\java.exe
0x00007ffdc2b20000 - 0x00007ffdc2d86000 	C:\WINDOWS\SYSTEM32\ntdll.dll
0x00007ffdc1930000 - 0x00007ffdc19f9000 	C:\WINDOWS\System32\KERNEL32.DLL
0x00007ffdbfe10000 - 0x00007ffdc01dc000 	C:\WINDOWS\System32\KERNELBASE.dll
0x00007ffdc0390000 - 0x00007ffdc04db000 	C:\WINDOWS\System32\ucrtbase.dll
0x00007ffdaf4d0000 - 0x00007ffdaf4e6000 	C:\Users\yazee\.jdks\openjdk-24.0.1\bin\jli.dll
0x00007ffdaabb0000 - 0x00007ffdaabcb000 	C:\Users\yazee\.jdks\openjdk-24.0.1\bin\VCRUNTIME140.dll
0x00007ffdc1090000 - 0x00007ffdc125a000 	C:\WINDOWS\System32\USER32.dll
0x00007ffda22a0000 - 0x00007ffda253a000 	C:\WINDOWS\WinSxS\amd64_microsoft.windows.common-controls_6595b64144ccf1df_6.0.26100.3912_none_3e07963ce335137e\COMCTL32.dll
0x00007ffdc0360000 - 0x00007ffdc0387000 	C:\WINDOWS\System32\win32u.dll
0x00007ffdc14f0000 - 0x00007ffdc1599000 	C:\WINDOWS\System32\msvcrt.dll
0x00007ffdc0ba0000 - 0x00007ffdc0bcb000 	C:\WINDOWS\System32\GDI32.dll
0x00007ffdc04e0000 - 0x00007ffdc0612000 	C:\WINDOWS\System32\gdi32full.dll
0x00007ffdc0620000 - 0x00007ffdc06c3000 	C:\WINDOWS\System32\msvcp_win.dll
0x00007ffdc2860000 - 0x00007ffdc2890000 	C:\WINDOWS\System32\IMM32.DLL
0x00007ffdaf7b0000 - 0x00007ffdaf7bc000 	C:\Users\yazee\.jdks\openjdk-24.0.1\bin\vcruntime140_1.dll
0x00007ffd98d20000 - 0x00007ffd98dae000 	C:\Users\yazee\.jdks\openjdk-24.0.1\bin\msvcp140.dll
0x00007ffd5daf0000 - 0x00007ffd5e892000 	C:\Users\yazee\.jdks\openjdk-24.0.1\bin\server\jvm.dll
0x00007ffdc28a0000 - 0x00007ffdc2952000 	C:\WINDOWS\System32\ADVAPI32.dll
0x00007ffdc2080000 - 0x00007ffdc2126000 	C:\WINDOWS\System32\sechost.dll
0x00007ffdc0d90000 - 0x00007ffdc0ea6000 	C:\WINDOWS\System32\RPCRT4.dll
0x00007ffdc0950000 - 0x00007ffdc09c4000 	C:\WINDOWS\System32\WS2_32.dll
0x00007ffdbe8b0000 - 0x00007ffdbe90e000 	C:\WINDOWS\SYSTEM32\POWRPROF.dll
0x00007ffdae440000 - 0x00007ffdae476000 	C:\WINDOWS\SYSTEM32\WINMM.dll
0x00007ffdb8c50000 - 0x00007ffdb8c5b000 	C:\WINDOWS\SYSTEM32\VERSION.dll
0x00007ffdbe890000 - 0x00007ffdbe8a4000 	C:\WINDOWS\SYSTEM32\UMPDC.dll
0x00007ffdbeb70000 - 0x00007ffdbeb8a000 	C:\WINDOWS\SYSTEM32\kernel.appcore.dll
0x00007ffdaac00000 - 0x00007ffdaac0a000 	C:\Users\yazee\.jdks\openjdk-24.0.1\bin\jimage.dll
0x00007ffdad8c0000 - 0x00007ffdadb01000 	C:\WINDOWS\SYSTEM32\DBGHELP.DLL
0x00007ffdc15a0000 - 0x00007ffdc1924000 	C:\WINDOWS\System32\combase.dll
0x00007ffdc1a70000 - 0x00007ffdc1b50000 	C:\WINDOWS\System32\OLEAUT32.dll
0x00007ffda38e0000 - 0x00007ffda3919000 	C:\WINDOWS\SYSTEM32\dbgcore.DLL
0x00007ffdbfcb0000 - 0x00007ffdbfd49000 	C:\WINDOWS\System32\bcryptPrimitives.dll
0x00007ffdaf9c0000 - 0x00007ffdaf9cf000 	C:\Users\yazee\.jdks\openjdk-24.0.1\bin\instrument.dll
0x00007ffdaf9d0000 - 0x00007ffdaf9ee000 	C:\Users\yazee\.jdks\openjdk-24.0.1\bin\java.dll
0x00007ffdc09f0000 - 0x00007ffdc0b8f000 	C:\WINDOWS\System32\ole32.dll
0x00007ffdc2130000 - 0x00007ffdc285d000 	C:\WINDOWS\System32\SHELL32.dll
0x00007ffdc01e0000 - 0x00007ffdc0354000 	C:\WINDOWS\System32\wintypes.dll
0x00007ffd5c8d0000 - 0x00007ffd5cade000 	C:\Users\yazee\AppData\Local\Temp\idea_libasyncProfiler_dll_temp_folder11\libasyncProfiler.dll
0x00007ffd97690000 - 0x00007ffd976a7000 	C:\Users\yazee\.jdks\openjdk-24.0.1\bin\zip.dll
0x00007ffdbd920000 - 0x00007ffdbe176000 	C:\WINDOWS\SYSTEM32\windows.storage.dll
0x00007ffdc2960000 - 0x00007ffdc2a4f000 	C:\WINDOWS\System32\SHCORE.dll
0x00007ffdc08e0000 - 0x00007ffdc0949000 	C:\WINDOWS\System32\shlwapi.dll
0x00007ffdbfbc0000 - 0x00007ffdbfbef000 	C:\WINDOWS\SYSTEM32\profapi.dll
0x00007ffd8a600000 - 0x00007ffd8a6d7000 	C:\Users\yazee\.jdks\openjdk-24.0.1\bin\jsvml.dll
0x00007ffdaf840000 - 0x00007ffdaf850000 	C:\Users\yazee\.jdks\openjdk-24.0.1\bin\net.dll
0x00007ffdbf100000 - 0x00007ffdbf16a000 	C:\WINDOWS\system32\mswsock.dll
0x00007ffda6030000 - 0x00007ffda6046000 	C:\Users\yazee\.jdks\openjdk-24.0.1\bin\nio.dll
0x00007ffd93400000 - 0x00007ffd9341a000 	C:\Users\yazee\AppData\Local\JetBrains\IntelliJ IDEA 2024.3\bin\breakgen64.dll
0x00007ffdaf830000 - 0x00007ffdaf839000 	C:\Users\yazee\.jdks\openjdk-24.0.1\bin\extnet.dll

JVMTI agents:
C:\Users\yazee\AppData\Local\JetBrains\IntelliJ IDEA 2024.3\lib\idea_rt.jar path:C:\Users\yazee\.jdks\openjdk-24.0.1\bin\instrument.dll, loaded, initialized, instrumentlib options:61144:C:\Users\yazee\AppData\Local\JetBrains\IntelliJ IDEA 2024.3\bin
C:\Users\yazee\AppData\Local\JetBrains\IntelliJIdea2024.3\captureAgent\debugger-agent.jar path:C:\Users\yazee\.jdks\openjdk-24.0.1\bin\instrument.dll, loaded, initialized, instrumentlib options:none
C:\Users\yazee\AppData\Local\Temp\idea_libasyncProfiler_dll_temp_folder11\libasyncProfiler.dll path:C:\Users\yazee\AppData\Local\Temp\idea_libasyncProfiler_dll_temp_folder11\libasyncProfiler.dll, loaded, initialized, options:start,jfr,event=wall,interval=10ms,jfrsync=profile,cstack=no,file=C:\Users\yazee\IdeaSnapshots\org_example_ahmad_project_in_Ahmad_Project_2025_05_22_221657.jfr,dbghelppath=C:\Users\yazee\AppData\Local\Temp\idea_dbghelp_dll_temp_folder\dbghelp.dll,log=C:\Users\yazee\AppData\Local\Temp\org_example_ahmad_project_in_Ahmad_Project_2025_05_22_221657.jfr.log.txt,logLevel=DEBUG

dbghelp: loaded successfully - version: 4.0.5 - missing functions: none
symbol engine: initialized successfully - sym options: 0x614 - pdb path: .;C:\Users\yazee\.jdks\openjdk-24.0.1\bin;C:\WINDOWS\SYSTEM32;C:\WINDOWS\WinSxS\amd64_microsoft.windows.common-controls_6595b64144ccf1df_6.0.26100.3912_none_3e07963ce335137e;C:\Users\yazee\.jdks\openjdk-24.0.1\bin\server;C:\Users\yazee\AppData\Local\Temp\idea_libasyncProfiler_dll_temp_folder11;C:\Users\yazee\AppData\Local\JetBrains\IntelliJ IDEA 2024.3\bin

VM Arguments:
jvm_args: -ea -Didea.test.cyclic.buffer.size=1048576 -javaagent:C:\Users\yazee\AppData\Local\JetBrains\IntelliJ IDEA 2024.3\lib\idea_rt.jar=61144:C:\Users\yazee\AppData\Local\JetBrains\IntelliJ IDEA 2024.3\bin -javaagent:C:\Users\yazee\AppData\Local\JetBrains\IntelliJIdea2024.3\captureAgent\debugger-agent.jar -Dkotlinx.coroutines.debug.enable.creation.stack.trace=false -Ddebugger.agent.enable.coroutines=true -Dkotlinx.coroutines.debug.enable.flows.stack.trace=true -Dkotlinx.coroutines.debug.enable.mutable.state.flows.stack.trace=true --patch-module=com.example.cooking_proj=C:/Users/yazee/OneDrive/Desktop/Coking-proj/target/test-classes --add-reads=com.example.cooking_proj=ALL-UNNAMED --add-opens=com.example.cooking_proj/org.example.ahmad_project=ALL-UNNAMED --add-modules=com.example.cooking_proj -agentpath:C:\Users\yazee\AppData\Local\Temp\idea_libasyncProfiler_dll_temp_folder11\libasyncProfiler.dll=start,jfr,event=wall,interval=10ms,jfrsync=profile,cstack=no,file=C:\Users\yazee\IdeaSnapshots\org_example_ahmad_project_in_Ahmad_Project_2025_05_22_221657.jfr,dbghelppath=C:\Users\yazee\AppData\Local\Temp\idea_dbghelp_dll_temp_folder\dbghelp.dll,log=C:\Users\yazee\AppData\Local\Temp\org_example_ahmad_project_in_Ahmad_Project_2025_05_22_221657.jfr.log.txt,logLevel=DEBUG -Dfile.encoding=UTF-8 -Dsun.stdout.encoding=UTF-8 -Dsun.stderr.encoding=UTF-8 --module-path=C:\Users\yazee\.m2\repository\org\controlsfx\controlsfx\11.2.1\controlsfx-11.2.1.jar;C:\Users\yazee\.m2\repository\org\openjfx\javafx-swing\17.0.6\javafx-swing-17.0.6-win.jar;C:\Users\yazee\.m2\repository\com\github\almasb\fxgl-core\17.3\fxgl-core-17.3.jar;C:\Users\yazee\.m2\repository\org\openjfx\javafx-fxml\17.0.6\javafx-fxml-17.0.6-win.jar;C:\Users\yazee\.m2\repository\com\fasterxml\jackson\core\jackson-databind\2.14.2\jackson-databind-2.14.2.jar;C:\Users\yazee\.m2\repository\eu\hansolo\fx\heatmap\21.0.3\heatmap-21.0.3.jar;C:\Users\yazee\OneDrive\Desktop\Coking-proj\target\classes;C:\Users\yazee\.m2\repository\com\dlsc\formsfx\formsfx-core\11.6.0\formsfx-core-11.6.0.jar;C:\Users\yazee\.m2\repository\com\gluonhq\attach\audio\4.0.17\audio-4.0.17.jar;C:\Users\yazee\.m2\repository\com\github\almasb\fxgl-entity\17.3\fxgl-entity-17.3.jar;C:\Users\yazee\.m2\repository\com\github\almasb\fxgl-scene\17.3\fxgl-scene-17.3.jar;C:\Users\yazee\.m2\repository\org\openjfx\javafx-controls\17.0.6\javafx-controls-17.0.6-win.jar;C:\Users\yazee\.m2\repository\org\openjfx\javafx-graphics\17.0.6\javafx-graphics-17.0.6-win.jar;C:\Users\yazee\.m2\repository\com\gluonhq\attach\util\4.0.17\util-4.0.17.jar;C:\Users\yazee\.m2\repository\net\synedra\validatorfx\0.5.0\validatorfx-0.5.0.jar;C:\Users\yazee\.m2\repository\org\openjfx\javafx-base\17.0.6\javafx-base-17.0.6-win.jar;C:\Users\yazee\.m2\repository\com\gluonhq\attach\lifecycle\4.0.17\lifecycle-4.0.17.jar;C:\Users\yazee\.m2\repository\com\github\almasb\fxgl-io\17.3\fxgl-io-17.3.jar;C:\Users\yazee\.m2\repository\eu\hansolo\toolboxfx\21.0.3\toolboxfx-21.0.3.jar;C:\Users\yazee\.m2\repository\eu\hansolo\toolbox\21.0.5\toolbox-21.0.5.jar;C:\Users\yazee\.m2\repository\com\github\almasb\fxgl-gameplay\17.3\fxgl-gameplay-17.3.jar;C:\Users\yazee\.m2\repository\eu\hansolo\fx\countries\21.0.3\countries-21.0.3.jar;C:\Users\yazee\.m2\repository\eu\hansolo\tilesfx\21.0.3\tilesfx-21.0.3.jar;C:\Users\yazee\.m2\repository\com\fasterxml\jacks
java_command: com.intellij.rt.junit.JUnitStarter -ideVersion5 -junit5 @w@C:\Users\yazee\AppData\Local\Temp\idea_working_dirs_junit.tmp @C:\Users\yazee\AppData\Local\Temp\idea_junit.tmp -socket61143
java_class_path (initial): C:\Users\yazee\.m2\repository\org\junit\platform\junit-platform-launcher\1.10.2\junit-platform-launcher-1.10.2.jar;C:\Users\yazee\.m2\repository\org\junit\vintage\junit-vintage-engine\5.10.2\junit-vintage-engine-5.10.2.jar;C:\Users\yazee\AppData\Local\JetBrains\IntelliJ IDEA 2024.3\lib\idea_rt.jar;C:\Users\yazee\AppData\Local\JetBrains\IntelliJ IDEA 2024.3\plugins\junit\lib\junit5-rt.jar;C:\Users\yazee\AppData\Local\JetBrains\IntelliJ IDEA 2024.3\plugins\junit\lib\junit-rt.jar;C:\Users\yazee\OneDrive\Desktop\Coking-proj\target\test-classes;C:\Users\yazee\.m2\repository\org\openjfx\javafx-controls\17.0.6\javafx-controls-17.0.6.jar;C:\Users\yazee\.m2\repository\org\openjfx\javafx-graphics\17.0.6\javafx-graphics-17.0.6.jar;C:\Users\yazee\.m2\repository\org\openjfx\javafx-base\17.0.6\javafx-base-17.0.6.jar;C:\Users\yazee\.m2\repository\org\openjfx\javafx-fxml\17.0.6\javafx-fxml-17.0.6.jar;C:\Users\yazee\.m2\repository\org\openjfx\javafx-web\17.0.6\javafx-web-17.0.6.jar;C:\Users\yazee\.m2\repository\org\openjfx\javafx-swing\17.0.6\javafx-swing-17.0.6.jar;C:\Users\yazee\.m2\repository\org\openjfx\javafx-media\17.0.6\javafx-media-17.0.6.jar;C:\Users\yazee\.m2\repository\org\jetbrains\kotlin\kotlin-stdlib-common\1.8.10\kotlin-stdlib-common-1.8.10.jar;C:\Users\yazee\.m2\repository\org\jetbrains\annotations\13.0\annotations-13.0.jar;C:\Users\yazee\.m2\repository\org\junit\jupiter\junit-jupiter-api\5.10.2\junit-jupiter-api-5.10.2.jar;C:\Users\yazee\.m2\repository\org\opentest4j\opentest4j\1.3.0\opentest4j-1.3.0.jar;C:\Users\yazee\.m2\repository\org\junit\platform\junit-platform-commons\1.10.2\junit-platform-commons-1.10.2.jar;C:\Users\yazee\.m2\repository\org\apiguardian\apiguardian-api\1.1.2\apiguardian-api-1.1.2.jar;C:\Users\yazee\.m2\repository\org\junit\jupiter\junit-jupiter-engine\5.10.2\junit-jupiter-engine-5.10.2.jar;C:\Users\yazee\.m2\repository\org\junit\platform\junit-platform-engine\1.10.2\junit-platform-engine-1.10.2.jar;C:\Users\yazee\.m2\repository\io\cucumber\cucumber-picocontainer\7.21.1\cucumber-picocontainer-7.21.1.jar;C:\Users\yazee\.m2\repository\org\picocontainer\picocontainer\2.15\picocontainer-2.15.jar;C:\Users\yazee\.m2\repository\io\cucumber\cucumber-java\7.21.1\cucumber-java-7.21.1.jar;C:\Users\yazee\.m2\repository\io\cucumber\cucumber-core\7.21.1\cucumber-core-7.21.1.jar;C:\Users\yazee\.m2\repository\io\cucumber\cucumber-gherkin\7.21.1\cucumber-gherkin-7.21.1.jar;C:\Users\yazee\.m2\repository\io\cucumber\cucumber-gherkin-messages\7.21.1\cucumber-gherkin-messages-7.21.1.jar;C:\Users\yazee\.m2\repository\io\cucumber\gherkin\31.0.0\gherkin-31.0.0.jar;C:\Users\yazee\.m2\repository\io\cucumber\messages\27.2.0\messages-27.2.0.jar;C:\Users\yazee\.m2\repository\io\cucumber\testng-xml-formatter\0.3.1\testng-xml-formatter-0.3.1.jar;C:\Users\yazee\.m2\repository\io\cucumber\query\13.2.0\query-13.2.0.jar;C:\Users\yazee\.m2\repository\io\cucumber\tag-expressions\6.1.2\tag-expressions-6.1.2.jar;C:\Users\yazee\.m2\repository\io\cucumber\cucumber-expressions\18.0.1\cucumber-expressions-18.0.1.jar;C:\Users\yazee\.m2\repository\io\cucumber\datatable\7.21.1\datatable-7.21.1.jar;C:\Users\yazee\.m2\repository\io\cucumber\cucumber-plugin\7.21.1\cucumber-plugin-7.21.1.jar;C:\Users\yazee\.m2\repository\io\cucumber\docstring\7.21.1\docstring-7.21.1.jar;C:\Users\yazee\.m2\repository\io\cucumber\html-formatter\21.9.0\html-formatter-21.9.0.jar;C:\Users\yazee\.m2\repository\io\cucumber\junit-xml-formatter\0.7.1\junit-xml-formatter-0.7.1.jar;C:\Users\yazee\.m2\repository\io\cucumber\ci-environment\10.0.1\ci-environment-10.0.1.jar;C:\Users\yazee\.m2\repository\io\cucumber\cucumber-junit\7.21.1\cucumber-junit-7.21.1.jar;C:\Users\yazee\.m2\repository\junit\junit\4.13.2\junit-4.13.2.jar;C:\Users\yazee\.m2\repository\org\hamcrest\hamcrest-core\1.3\hamcrest-core-1.3.jar
Launcher Type: SUN_STANDARD

[Global flags]
     intx CICompilerCount                          = 4                                         {product} {ergonomic}
     uint ConcGCThreads                            = 3                                         {product} {ergonomic}
     bool FlightRecorder                           = true                                      {product} {management}
     uint G1ConcRefinementThreads                  = 10                                        {product} {ergonomic}
   size_t G1HeapRegionSize                         = 2097152                                   {product} {ergonomic}
   size_t InitialHeapSize                          = 266338304                                 {product} {ergonomic}
   size_t MarkStackSize                            = 4194304                                   {product} {ergonomic}
   size_t MarkStackSizeMax                         = 536870912                                 {product} {ergonomic}
   size_t MaxHeapSize                              = 4248829952                                {product} {ergonomic}
   size_t MaxNewSize                               = 2548039680                                {product} {ergonomic}
   size_t MinHeapDeltaBytes                        = 2097152                                   {product} {ergonomic}
   size_t MinHeapSize                              = 8388608                                   {product} {ergonomic}
    uintx NonNMethodCodeHeapSize                   = 5832704                                {pd product} {ergonomic}
    uintx NonProfiledCodeHeapSize                  = 122945536                              {pd product} {ergonomic}
    uintx ProfiledCodeHeapSize                     = 122880000                              {pd product} {ergonomic}
    uintx ReservedCodeCacheSize                    = 251658240                              {pd product} {ergonomic}
     bool SegmentedCodeCache                       = true                                      {product} {ergonomic}
   size_t SoftMaxHeapSize                          = 4248829952                             {manageable} {ergonomic}
     bool UseCompressedOops                        = true                           {product lp64_product} {ergonomic}
     bool UseG1GC                                  = true                                      {product} {ergonomic}
     bool UseLargePagesIndividualAllocation        = false                                  {pd product} {ergonomic}

Logging:
Log output configuration:
 #0: stdout all=warning uptime,level,tags foldmultilines=false
 #1: stderr all=off uptime,level,tags foldmultilines=false

Environment Variables:
PATH=C:\Program Files (x86)\Common Files\Oracle\Java\java8path;C:\Program Files (x86)\Common Files\Oracle\Java\javapath;C:\Windows\system32;C:\Windows;C:\Windows\System32\Wbem;C:\Windows\System32\WindowsPowerShell\v1.0\;C:\Windows\System32\OpenSSH\;C:\Program Files (x86)\NVIDIA Corporation\PhysX\Common;C:\Program Files\NVIDIA Corporation\NVIDIA NvDLISR;C:\WINDOWS\system32;C:\WINDOWS;C:\WINDOWS\System32\Wbem;C:\WINDOWS\System32\WindowsPowerShell\v1.0\;C:\WINDOWS\System32\OpenSSH\;C:\Program Files\Git\cmd;C:\Program Files (x86)\Windows Kits\10\Windows Performance Toolkit\;C:\Program Files\CMake\bin;C:\Program Files\dotnet\;C:\Program Files (x86)\IVI Foundation\VISA\WinNT\Bin\;C:\Program Files\IVI Foundation\VISA\Win64\Bin\;C:\Program Files (x86)\National Instruments\Shared\LabVIEW CLI;C:\Program Files (x86)\IVI Foundation\IVI\Bin\;C:\Program Files\IVI Foundation\IVI\Bin\;C:\Program Files (x86)\IVI Foundation\VISA\WinNT\Bin;D:\bin;C:\Program Files\nodejs\;C:\Users\yazee\AppData\Local\Programs\Python\Launcher\;C:\Users\yazee\AppData\Local\Microsoft\WindowsApps;D:\Microsoft VS Code\bin;C:\msys64\ucrt64\bin;C:\Users\yazee\Desktop\opencv\build\x64\vc16\bin;C:\Program Files\CMake\bin;C:\opt\opencv\build\x64\vc16\bin;C:\opt\opencv\build\x64\vc16\lib;C:\Users\yazee\AppData\Roaming\npm;C:\Users\yazee\Anaconda3\Library\bin\;C:\Users\yazee\Anaconda3\Scripts\;C:\Users\yazee\Anaconda3\condabin\;
USERNAME=yazee
OS=Windows_NT
PROCESSOR_IDENTIFIER=Intel64 Family 6 Model 165 Stepping 2, GenuineIntel
TMP=C:\Users\yazee\AppData\Local\Temp
TEMP=C:\Users\yazee\AppData\Local\Temp




Periodic native trim disabled

---------------  S Y S T E M  ---------------

OS:
 Windows 11 , 64 bit Build 26100 (10.0.26100.3912)
OS uptime: 0 days 11:47 hours
Hyper-V role detected

CPU: total 12 (initial active 12) (6 cores per cpu, 2 threads per core) family 6 model 165 stepping 2 microcode 0xe2, cx8, cmov, fxsr, ht, mmx, 3dnowpref, sse, sse2, sse3, ssse3, sse4.1, sse4.2, popcnt, lzcnt, tsc, tscinvbit, avx, avx2, aes, erms, clmul, bmi1, bmi2, adx, fma, vzeroupper, clflush, clflushopt, hv, rdtscp, f16c
Processor Information for the first 12 processors :
  Max Mhz: 2496, Current Mhz: 2496, Mhz Limit: 2496

Memory: 4k page, system-wide physical 16205M (4812M free)
TotalPageFile size 17229M (AvailPageFile size 1879M)
current process WorkingSet (physical memory assigned to process): 90M, peak: 90M
current process commit charge ("private bytes"): 387M, peak: 390M

vm_info: OpenJDK 64-Bit Server VM (24.0.1+9-30) for windows-amd64 JRE (24.0.1+9-30), built on 2025-03-05T07:23:45Z with MS VC++ 17.6 (VS2022)

END.
